{"D:\\Windsurf Codes\\Full-Stack-App\\Backend\\server.js": {"path":"D:\\Windsurf Codes\\Full-Stack-App\\Backend\\server.js","statementMap":{"0":{"start":{"line":1,"column":0},"end":{"line":1,"column":22}},"1":{"start":{"line":2,"column":0},"end":{"line":2,"column":27}},"2":{"start":{"line":3,"column":16},"end":{"line":3,"column":34}},"3":{"start":{"line":4,"column":15},"end":{"line":4,"column":32}},"4":{"start":{"line":5,"column":15},"end":{"line":5,"column":32}},"5":{"start":{"line":6,"column":13},"end":{"line":6,"column":28}},"6":{"start":{"line":7,"column":18},"end":{"line":7,"column":47}},"7":{"start":{"line":8,"column":19},"end":{"line":8,"column":41}},"8":{"start":{"line":9,"column":21},"end":{"line":9,"column":45}},"9":{"start":{"line":10,"column":13},"end":{"line":10,"column":28}},"10":{"start":{"line":11,"column":15},"end":{"line":11,"column":34}},"11":{"start":{"line":12,"column":15},"end":{"line":12,"column":43}},"12":{"start":{"line":13,"column":21},"end":{"line":13,"column":59}},"13":{"start":{"line":16,"column":12},"end":{"line":16,"column":21}},"14":{"start":{"line":19,"column":0},"end":{"line":19,"column":26}},"15":{"start":{"line":22,"column":0},"end":{"line":22,"column":18}},"16":{"start":{"line":25,"column":0},"end":{"line":25,"column":80}},"17":{"start":{"line":28,"column":0},"end":{"line":28,"column":36}},"18":{"start":{"line":31,"column":16},"end":{"line":35,"column":2}},"19":{"start":{"line":36,"column":0},"end":{"line":36,"column":17}},"20":{"start":{"line":39,"column":0},"end":{"line":39,"column":44}},"21":{"start":{"line":40,"column":0},"end":{"line":40,"column":66}},"22":{"start":{"line":41,"column":0},"end":{"line":41,"column":24}},"23":{"start":{"line":44,"column":0},"end":{"line":44,"column":56}},"24":{"start":{"line":47,"column":0},"end":{"line":47,"column":84}},"25":{"start":{"line":48,"column":0},"end":{"line":48,"column":87}},"26":{"start":{"line":49,"column":0},"end":{"line":49,"column":83}},"27":{"start":{"line":50,"column":0},"end":{"line":50,"column":83}},"28":{"start":{"line":51,"column":0},"end":{"line":51,"column":80}},"29":{"start":{"line":54,"column":0},"end":{"line":61,"column":1}},"30":{"start":{"line":55,"column":22},"end":{"line":55,"column":51}},"31":{"start":{"line":56,"column":17},"end":{"line":56,"column":34}},"32":{"start":{"line":57,"column":28},"end":{"line":57,"column":55}},"33":{"start":{"line":59,"column":4},"end":{"line":59,"column":84}},"34":{"start":{"line":60,"column":4},"end":{"line":60,"column":73}},"35":{"start":{"line":64,"column":0},"end":{"line":66,"column":3}},"36":{"start":{"line":65,"column":4},"end":{"line":65,"column":80}},"37":{"start":{"line":69,"column":0},"end":{"line":73,"column":3}},"38":{"start":{"line":70,"column":18},"end":{"line":70,"column":40}},"39":{"start":{"line":71,"column":4},"end":{"line":71,"column":23}},"40":{"start":{"line":72,"column":4},"end":{"line":72,"column":16}},"41":{"start":{"line":76,"column":0},"end":{"line":76,"column":22}},"42":{"start":{"line":79,"column":15},"end":{"line":82,"column":2}},"43":{"start":{"line":80,"column":4},"end":{"line":80,"column":79}},"44":{"start":{"line":81,"column":4},"end":{"line":81,"column":85}},"45":{"start":{"line":85,"column":0},"end":{"line":89,"column":3}},"46":{"start":{"line":86,"column":4},"end":{"line":86,"column":56}},"47":{"start":{"line":88,"column":4},"end":{"line":88,"column":40}},"48":{"start":{"line":88,"column":23},"end":{"line":88,"column":38}},"49":{"start":{"line":92,"column":0},"end":{"line":95,"column":3}},"50":{"start":{"line":93,"column":4},"end":{"line":93,"column":55}},"51":{"start":{"line":94,"column":4},"end":{"line":94,"column":20}},"52":{"start":{"line":98,"column":0},"end":{"line":103,"column":3}},"53":{"start":{"line":99,"column":4},"end":{"line":99,"column":62}},"54":{"start":{"line":100,"column":4},"end":{"line":102,"column":7}},"55":{"start":{"line":101,"column":8},"end":{"line":101,"column":42}},"56":{"start":{"line":105,"column":0},"end":{"line":105,"column":24}}},"fnMap":{"0":{"name":"(anonymous_0)","decl":{"start":{"line":64,"column":19},"end":{"line":64,"column":20}},"loc":{"start":{"line":64,"column":33},"end":{"line":66,"column":1}},"line":64},"1":{"name":"(anonymous_1)","decl":{"start":{"line":69,"column":8},"end":{"line":69,"column":9}},"loc":{"start":{"line":69,"column":28},"end":{"line":73,"column":1}},"line":69},"2":{"name":"(anonymous_2)","decl":{"start":{"line":79,"column":39},"end":{"line":79,"column":40}},"loc":{"start":{"line":79,"column":45},"end":{"line":82,"column":1}},"line":79},"3":{"name":"(anonymous_3)","decl":{"start":{"line":85,"column":33},"end":{"line":85,"column":34}},"loc":{"start":{"line":85,"column":42},"end":{"line":89,"column":1}},"line":85},"4":{"name":"(anonymous_4)","decl":{"start":{"line":88,"column":17},"end":{"line":88,"column":18}},"loc":{"start":{"line":88,"column":23},"end":{"line":88,"column":38}},"line":88},"5":{"name":"(anonymous_5)","decl":{"start":{"line":92,"column":32},"end":{"line":92,"column":33}},"loc":{"start":{"line":92,"column":41},"end":{"line":95,"column":1}},"line":92},"6":{"name":"(anonymous_6)","decl":{"start":{"line":98,"column":22},"end":{"line":98,"column":23}},"loc":{"start":{"line":98,"column":28},"end":{"line":103,"column":1}},"line":98},"7":{"name":"(anonymous_7)","decl":{"start":{"line":100,"column":17},"end":{"line":100,"column":18}},"loc":{"start":{"line":100,"column":23},"end":{"line":102,"column":5}},"line":100}},"branchMap":{"0":{"loc":{"start":{"line":25,"column":15},"end":{"line":25,"column":50}},"type":"binary-expr","locations":[{"start":{"line":25,"column":15},"end":{"line":25,"column":36}},{"start":{"line":25,"column":40},"end":{"line":25,"column":50}}],"line":25},"1":{"loc":{"start":{"line":54,"column":0},"end":{"line":61,"column":1}},"type":"if","locations":[{"start":{"line":54,"column":0},"end":{"line":61,"column":1}},{"start":{},"end":{}}],"line":54}},"s":{"0":0,"1":0,"2":0,"3":0,"4":0,"5":0,"6":0,"7":0,"8":0,"9":0,"10":0,"11":0,"12":0,"13":0,"14":0,"15":0,"16":0,"17":0,"18":0,"19":0,"20":0,"21":0,"22":0,"23":0,"24":0,"25":0,"26":0,"27":0,"28":0,"29":0,"30":0,"31":0,"32":0,"33":0,"34":0,"35":0,"36":0,"37":0,"38":0,"39":0,"40":0,"41":0,"42":0,"43":0,"44":0,"45":0,"46":0,"47":0,"48":0,"49":0,"50":0,"51":0,"52":0,"53":0,"54":0,"55":0,"56":0},"f":{"0":0,"1":0,"2":0,"3":0,"4":0,"5":0,"6":0,"7":0},"b":{"0":[0,0],"1":[0,0]}}
,"D:\\Windsurf Codes\\Full-Stack-App\\Backend\\_middleware\\authorization.js": {"path":"D:\\Windsurf Codes\\Full-Stack-App\\Backend\\_middleware\\authorization.js","statementMap":{"0":{"start":{"line":1,"column":17},"end":{"line":1,"column":41}},"1":{"start":{"line":2,"column":27},"end":{"line":2,"column":58}},"2":{"start":{"line":7,"column":4},"end":{"line":9,"column":5}},"3":{"start":{"line":8,"column":8},"end":{"line":8,"column":24}},"4":{"start":{"line":12,"column":4},"end":{"line":34,"column":6}},"5":{"start":{"line":16,"column":12},"end":{"line":18,"column":13}},"6":{"start":{"line":17,"column":16},"end":{"line":17,"column":68}},"7":{"start":{"line":21,"column":12},"end":{"line":23,"column":13}},"8":{"start":{"line":22,"column":16},"end":{"line":22,"column":30}},"9":{"start":{"line":26,"column":12},"end":{"line":29,"column":13}},"10":{"start":{"line":28,"column":16},"end":{"line":28,"column":83}},"11":{"start":{"line":32,"column":12},"end":{"line":32,"column":19}},"12":{"start":{"line":37,"column":0},"end":{"line":39,"column":2}}},"fnMap":{"0":{"name":"authorize","decl":{"start":{"line":5,"column":9},"end":{"line":5,"column":18}},"loc":{"start":{"line":5,"column":31},"end":{"line":35,"column":1}},"line":5},"1":{"name":"(anonymous_1)","decl":{"start":{"line":14,"column":8},"end":{"line":14,"column":9}},"loc":{"start":{"line":14,"column":28},"end":{"line":33,"column":9}},"line":14}},"branchMap":{"0":{"loc":{"start":{"line":5,"column":19},"end":{"line":5,"column":29}},"type":"default-arg","locations":[{"start":{"line":5,"column":27},"end":{"line":5,"column":29}}],"line":5},"1":{"loc":{"start":{"line":7,"column":4},"end":{"line":9,"column":5}},"type":"if","locations":[{"start":{"line":7,"column":4},"end":{"line":9,"column":5}},{"start":{},"end":{}}],"line":7},"2":{"loc":{"start":{"line":16,"column":12},"end":{"line":18,"column":13}},"type":"if","locations":[{"start":{"line":16,"column":12},"end":{"line":18,"column":13}},{"start":{},"end":{}}],"line":16},"3":{"loc":{"start":{"line":21,"column":12},"end":{"line":23,"column":13}},"type":"if","locations":[{"start":{"line":21,"column":12},"end":{"line":23,"column":13}},{"start":{},"end":{}}],"line":21},"4":{"loc":{"start":{"line":26,"column":12},"end":{"line":29,"column":13}},"type":"if","locations":[{"start":{"line":26,"column":12},"end":{"line":29,"column":13}},{"start":{},"end":{}}],"line":26},"5":{"loc":{"start":{"line":26,"column":16},"end":{"line":26,"column":62}},"type":"binary-expr","locations":[{"start":{"line":26,"column":16},"end":{"line":26,"column":28}},{"start":{"line":26,"column":32},"end":{"line":26,"column":62}}],"line":26}},"s":{"0":0,"1":0,"2":0,"3":0,"4":0,"5":0,"6":0,"7":0,"8":0,"9":0,"10":0,"11":0,"12":0},"f":{"0":0,"1":0},"b":{"0":[0],"1":[0,0],"2":[0,0],"3":[0,0],"4":[0,0],"5":[0,0]}}
,"D:\\Windsurf Codes\\Full-Stack-App\\Backend\\_middleware\\authorize.js": {"path":"D:\\Windsurf Codes\\Full-Stack-App\\Backend\\_middleware\\authorize.js","statementMap":{"0":{"start":{"line":1,"column":12},"end":{"line":1,"column":34}},"1":{"start":{"line":2,"column":19},"end":{"line":2,"column":41}},"2":{"start":{"line":3,"column":11},"end":{"line":3,"column":33}},"3":{"start":{"line":5,"column":0},"end":{"line":5,"column":27}},"4":{"start":{"line":8,"column":4},"end":{"line":10,"column":5}},"5":{"start":{"line":9,"column":8},"end":{"line":9,"column":24}},"6":{"start":{"line":12,"column":4},"end":{"line":40,"column":6}},"7":{"start":{"line":16,"column":28},"end":{"line":16,"column":66}},"8":{"start":{"line":18,"column":12},"end":{"line":18,"column":53}},"9":{"start":{"line":19,"column":12},"end":{"line":19,"column":57}},"10":{"start":{"line":21,"column":12},"end":{"line":23,"column":13}},"11":{"start":{"line":22,"column":16},"end":{"line":22,"column":73}},"12":{"start":{"line":26,"column":12},"end":{"line":29,"column":13}},"13":{"start":{"line":28,"column":16},"end":{"line":28,"column":89}},"14":{"start":{"line":32,"column":12},"end":{"line":34,"column":13}},"15":{"start":{"line":33,"column":16},"end":{"line":33,"column":101}},"16":{"start":{"line":36,"column":12},"end":{"line":36,"column":41}},"17":{"start":{"line":37,"column":12},"end":{"line":37,"column":95}},"18":{"start":{"line":37,"column":42},"end":{"line":37,"column":94}},"19":{"start":{"line":37,"column":76},"end":{"line":37,"column":93}},"20":{"start":{"line":38,"column":12},"end":{"line":38,"column":19}}},"fnMap":{"0":{"name":"authorize","decl":{"start":{"line":7,"column":9},"end":{"line":7,"column":18}},"loc":{"start":{"line":7,"column":31},"end":{"line":41,"column":1}},"line":7},"1":{"name":"(anonymous_1)","decl":{"start":{"line":15,"column":8},"end":{"line":15,"column":9}},"loc":{"start":{"line":15,"column":34},"end":{"line":39,"column":9}},"line":15},"2":{"name":"(anonymous_2)","decl":{"start":{"line":37,"column":33},"end":{"line":37,"column":34}},"loc":{"start":{"line":37,"column":42},"end":{"line":37,"column":94}},"line":37},"3":{"name":"(anonymous_3)","decl":{"start":{"line":37,"column":71},"end":{"line":37,"column":72}},"loc":{"start":{"line":37,"column":76},"end":{"line":37,"column":93}},"line":37}},"branchMap":{"0":{"loc":{"start":{"line":7,"column":19},"end":{"line":7,"column":29}},"type":"default-arg","locations":[{"start":{"line":7,"column":27},"end":{"line":7,"column":29}}],"line":7},"1":{"loc":{"start":{"line":8,"column":4},"end":{"line":10,"column":5}},"type":"if","locations":[{"start":{"line":8,"column":4},"end":{"line":10,"column":5}},{"start":{},"end":{}}],"line":8},"2":{"loc":{"start":{"line":21,"column":12},"end":{"line":23,"column":13}},"type":"if","locations":[{"start":{"line":21,"column":12},"end":{"line":23,"column":13}},{"start":{},"end":{}}],"line":21},"3":{"loc":{"start":{"line":26,"column":12},"end":{"line":29,"column":13}},"type":"if","locations":[{"start":{"line":26,"column":12},"end":{"line":29,"column":13}},{"start":{},"end":{}}],"line":26},"4":{"loc":{"start":{"line":26,"column":16},"end":{"line":26,"column":61}},"type":"binary-expr","locations":[{"start":{"line":26,"column":16},"end":{"line":26,"column":28}},{"start":{"line":26,"column":32},"end":{"line":26,"column":61}}],"line":26},"5":{"loc":{"start":{"line":32,"column":12},"end":{"line":34,"column":13}},"type":"if","locations":[{"start":{"line":32,"column":12},"end":{"line":34,"column":13}},{"start":{},"end":{}}],"line":32},"6":{"loc":{"start":{"line":32,"column":16},"end":{"line":32,"column":100}},"type":"binary-expr","locations":[{"start":{"line":32,"column":16},"end":{"line":32,"column":29}},{"start":{"line":32,"column":33},"end":{"line":32,"column":72}},{"start":{"line":32,"column":76},"end":{"line":32,"column":100}}],"line":32}},"s":{"0":0,"1":0,"2":0,"3":0,"4":0,"5":0,"6":0,"7":0,"8":0,"9":0,"10":0,"11":0,"12":0,"13":0,"14":0,"15":0,"16":0,"17":0,"18":0,"19":0,"20":0},"f":{"0":0,"1":0,"2":0,"3":0},"b":{"0":[0],"1":[0,0],"2":[0,0],"3":[0,0],"4":[0,0],"5":[0,0],"6":[0,0,0]}}
,"D:\\Windsurf Codes\\Full-Stack-App\\Backend\\_middleware\\error-handler.js": {"path":"D:\\Windsurf Codes\\Full-Stack-App\\Backend\\_middleware\\error-handler.js","statementMap":{"0":{"start":{"line":9,"column":4},"end":{"line":9,"column":35}},"1":{"start":{"line":12,"column":4},"end":{"line":12,"column":23}},"2":{"start":{"line":15,"column":17},"end":{"line":15,"column":20}},"3":{"start":{"line":16,"column":15},"end":{"line":16,"column":38}},"4":{"start":{"line":17,"column":18},"end":{"line":17,"column":41}},"5":{"start":{"line":21,"column":4},"end":{"line":59,"column":5}},"6":{"start":{"line":22,"column":22},"end":{"line":22,"column":61}},"7":{"start":{"line":23,"column":8},"end":{"line":23,"column":35}},"8":{"start":{"line":24,"column":8},"end":{"line":24,"column":51}},"9":{"start":{"line":25,"column":8},"end":{"line":25,"column":22}},"10":{"start":{"line":28,"column":9},"end":{"line":59,"column":5}},"11":{"start":{"line":29,"column":8},"end":{"line":29,"column":21}},"12":{"start":{"line":30,"column":8},"end":{"line":30,"column":30}},"13":{"start":{"line":31,"column":8},"end":{"line":31,"column":45}},"14":{"start":{"line":34,"column":9},"end":{"line":59,"column":5}},"15":{"start":{"line":41,"column":8},"end":{"line":41,"column":28}},"16":{"start":{"line":42,"column":8},"end":{"line":42,"column":24}},"17":{"start":{"line":43,"column":8},"end":{"line":43,"column":30}},"18":{"start":{"line":44,"column":8},"end":{"line":44,"column":28}},"19":{"start":{"line":47,"column":9},"end":{"line":59,"column":5}},"20":{"start":{"line":48,"column":8},"end":{"line":48,"column":21}},"21":{"start":{"line":49,"column":8},"end":{"line":49,"column":34}},"22":{"start":{"line":50,"column":8},"end":{"line":50,"column":37}},"23":{"start":{"line":51,"column":8},"end":{"line":54,"column":17}},"24":{"start":{"line":51,"column":51},"end":{"line":54,"column":9}},"25":{"start":{"line":57,"column":9},"end":{"line":59,"column":5}},"26":{"start":{"line":58,"column":8},"end":{"line":58,"column":30}},"27":{"start":{"line":62,"column":4},"end":{"line":68,"column":7}},"28":{"start":{"line":71,"column":0},"end":{"line":71,"column":30}}},"fnMap":{"0":{"name":"errorHandler","decl":{"start":{"line":11,"column":9},"end":{"line":11,"column":21}},"loc":{"start":{"line":11,"column":43},"end":{"line":69,"column":1}},"line":11},"1":{"name":"(anonymous_1)","decl":{"start":{"line":51,"column":45},"end":{"line":51,"column":46}},"loc":{"start":{"line":51,"column":51},"end":{"line":54,"column":9}},"line":51}},"branchMap":{"0":{"loc":{"start":{"line":21,"column":4},"end":{"line":59,"column":5}},"type":"if","locations":[{"start":{"line":21,"column":4},"end":{"line":59,"column":5}},{"start":{"line":28,"column":9},"end":{"line":59,"column":5}}],"line":21},"1":{"loc":{"start":{"line":23,"column":17},"end":{"line":23,"column":34}},"type":"cond-expr","locations":[{"start":{"line":23,"column":25},"end":{"line":23,"column":28}},{"start":{"line":23,"column":31},"end":{"line":23,"column":34}}],"line":23},"2":{"loc":{"start":{"line":24,"column":15},"end":{"line":24,"column":50}},"type":"cond-expr","locations":[{"start":{"line":24,"column":23},"end":{"line":24,"column":34}},{"start":{"line":24,"column":37},"end":{"line":24,"column":50}}],"line":24},"3":{"loc":{"start":{"line":28,"column":9},"end":{"line":59,"column":5}},"type":"if","locations":[{"start":{"line":28,"column":9},"end":{"line":59,"column":5}},{"start":{"line":34,"column":9},"end":{"line":59,"column":5}}],"line":28},"4":{"loc":{"start":{"line":28,"column":13},"end":{"line":28,"column":81}},"type":"binary-expr","locations":[{"start":{"line":28,"column":13},"end":{"line":28,"column":45}},{"start":{"line":28,"column":49},"end":{"line":28,"column":81}}],"line":28},"5":{"loc":{"start":{"line":34,"column":9},"end":{"line":59,"column":5}},"type":"if","locations":[{"start":{"line":34,"column":9},"end":{"line":59,"column":5}},{"start":{"line":47,"column":9},"end":{"line":59,"column":5}}],"line":34},"6":{"loc":{"start":{"line":34,"column":13},"end":{"line":40,"column":47}},"type":"binary-expr","locations":[{"start":{"line":34,"column":13},"end":{"line":34,"column":43}},{"start":{"line":35,"column":13},"end":{"line":35,"column":45}},{"start":{"line":36,"column":13},"end":{"line":36,"column":42}},{"start":{"line":37,"column":13},"end":{"line":37,"column":41}},{"start":{"line":38,"column":13},"end":{"line":38,"column":41}},{"start":{"line":39,"column":13},"end":{"line":39,"column":43}},{"start":{"line":40,"column":13},"end":{"line":40,"column":47}}],"line":34},"7":{"loc":{"start":{"line":47,"column":9},"end":{"line":59,"column":5}},"type":"if","locations":[{"start":{"line":47,"column":9},"end":{"line":59,"column":5}},{"start":{"line":57,"column":9},"end":{"line":59,"column":5}}],"line":47},"8":{"loc":{"start":{"line":47,"column":13},"end":{"line":47,"column":101}},"type":"binary-expr","locations":[{"start":{"line":47,"column":13},"end":{"line":47,"column":52}},{"start":{"line":47,"column":56},"end":{"line":47,"column":101}}],"line":47},"9":{"loc":{"start":{"line":51,"column":17},"end":{"line":54,"column":16}},"type":"cond-expr","locations":[{"start":{"line":51,"column":30},"end":{"line":54,"column":11}},{"start":{"line":54,"column":14},"end":{"line":54,"column":16}}],"line":51},"10":{"loc":{"start":{"line":57,"column":9},"end":{"line":59,"column":5}},"type":"if","locations":[{"start":{"line":57,"column":9},"end":{"line":59,"column":5}},{"start":{},"end":{}}],"line":57},"11":{"loc":{"start":{"line":67,"column":12},"end":{"line":67,"column":74}},"type":"binary-expr","locations":[{"start":{"line":67,"column":12},"end":{"line":67,"column":50}},{"start":{"line":67,"column":54},"end":{"line":67,"column":74}}],"line":67}},"s":{"0":0,"1":0,"2":0,"3":0,"4":0,"5":0,"6":0,"7":0,"8":0,"9":0,"10":0,"11":0,"12":0,"13":0,"14":0,"15":0,"16":0,"17":0,"18":0,"19":0,"20":0,"21":0,"22":0,"23":0,"24":0,"25":0,"26":0,"27":0,"28":0},"f":{"0":0,"1":0},"b":{"0":[0,0],"1":[0,0],"2":[0,0],"3":[0,0],"4":[0,0],"5":[0,0],"6":[0,0,0,0,0,0,0],"7":[0,0],"8":[0,0],"9":[0,0],"10":[0,0],"11":[0,0]}}
,"D:\\Windsurf Codes\\Full-Stack-App\\Backend\\_middleware\\validate-request.js": {"path":"D:\\Windsurf Codes\\Full-Stack-App\\Backend\\_middleware\\validate-request.js","statementMap":{"0":{"start":{"line":1,"column":0},"end":{"line":1,"column":33}},"1":{"start":{"line":4,"column":20},"end":{"line":8,"column":5}},"2":{"start":{"line":9,"column":29},"end":{"line":9,"column":63}},"3":{"start":{"line":10,"column":4},"end":{"line":15,"column":5}},"4":{"start":{"line":11,"column":8},"end":{"line":11,"column":82}},"5":{"start":{"line":11,"column":57},"end":{"line":11,"column":66}},"6":{"start":{"line":13,"column":8},"end":{"line":13,"column":25}},"7":{"start":{"line":14,"column":8},"end":{"line":14,"column":15}}},"fnMap":{"0":{"name":"validateRequest","decl":{"start":{"line":3,"column":9},"end":{"line":3,"column":24}},"loc":{"start":{"line":3,"column":44},"end":{"line":16,"column":1}},"line":3},"1":{"name":"(anonymous_1)","decl":{"start":{"line":11,"column":52},"end":{"line":11,"column":53}},"loc":{"start":{"line":11,"column":57},"end":{"line":11,"column":66}},"line":11}},"branchMap":{"0":{"loc":{"start":{"line":10,"column":4},"end":{"line":15,"column":5}},"type":"if","locations":[{"start":{"line":10,"column":4},"end":{"line":15,"column":5}},{"start":{"line":12,"column":11},"end":{"line":15,"column":5}}],"line":10}},"s":{"0":0,"1":0,"2":0,"3":0,"4":0,"5":0,"6":0,"7":0},"f":{"0":0,"1":0},"b":{"0":[0,0]}}
,"D:\\Windsurf Codes\\Full-Stack-App\\Backend\\accounts\\account.model.js": {"path":"D:\\Windsurf Codes\\Full-Stack-App\\Backend\\accounts\\account.model.js","statementMap":{"0":{"start":{"line":1,"column":22},"end":{"line":1,"column":42}},"1":{"start":{"line":3,"column":0},"end":{"line":3,"column":23}},"2":{"start":{"line":6,"column":23},"end":{"line":25,"column":5}},"3":{"start":{"line":23,"column":20},"end":{"line":23,"column":67}},"4":{"start":{"line":27,"column":20},"end":{"line":38,"column":5}},"5":{"start":{"line":40,"column":4},"end":{"line":40,"column":60}}},"fnMap":{"0":{"name":"model","decl":{"start":{"line":5,"column":9},"end":{"line":5,"column":14}},"loc":{"start":{"line":5,"column":26},"end":{"line":41,"column":1}},"line":5},"1":{"name":"(anonymous_1)","decl":{"start":{"line":23,"column":12},"end":{"line":23,"column":13}},"loc":{"start":{"line":23,"column":18},"end":{"line":23,"column":69}},"line":23}},"branchMap":{"0":{"loc":{"start":{"line":23,"column":30},"end":{"line":23,"column":65}},"type":"binary-expr","locations":[{"start":{"line":23,"column":30},"end":{"line":23,"column":43}},{"start":{"line":23,"column":47},"end":{"line":23,"column":65}}],"line":23}},"s":{"0":0,"1":0,"2":0,"3":0,"4":0,"5":0},"f":{"0":0,"1":0},"b":{"0":[0,0]}}
,"D:\\Windsurf Codes\\Full-Stack-App\\Backend\\accounts\\account.service.js": {"path":"D:\\Windsurf Codes\\Full-Stack-App\\Backend\\accounts\\account.service.js","statementMap":{"0":{"start":{"line":1,"column":15},"end":{"line":1,"column":40}},"1":{"start":{"line":2,"column":12},"end":{"line":2,"column":35}},"2":{"start":{"line":3,"column":15},"end":{"line":3,"column":34}},"3":{"start":{"line":4,"column":15},"end":{"line":4,"column":32}},"4":{"start":{"line":5,"column":15},"end":{"line":5,"column":35}},"5":{"start":{"line":6,"column":18},"end":{"line":6,"column":51}},"6":{"start":{"line":7,"column":11},"end":{"line":7,"column":36}},"7":{"start":{"line":8,"column":13},"end":{"line":8,"column":40}},"8":{"start":{"line":9,"column":18},"end":{"line":9,"column":48}},"9":{"start":{"line":11,"column":0},"end":{"line":25,"column":2}},"10":{"start":{"line":28,"column":20},"end":{"line":28,"column":84}},"11":{"start":{"line":30,"column":4},"end":{"line":30,"column":46}},"12":{"start":{"line":32,"column":4},"end":{"line":35,"column":5}},"13":{"start":{"line":33,"column":8},"end":{"line":33,"column":54}},"14":{"start":{"line":34,"column":8},"end":{"line":34,"column":47}},"15":{"start":{"line":37,"column":4},"end":{"line":37,"column":43}},"16":{"start":{"line":38,"column":4},"end":{"line":38,"column":45}},"17":{"start":{"line":39,"column":4},"end":{"line":39,"column":57}},"18":{"start":{"line":40,"column":4},"end":{"line":40,"column":67}},"19":{"start":{"line":41,"column":4},"end":{"line":41,"column":70}},"20":{"start":{"line":43,"column":31},"end":{"line":43,"column":76}},"21":{"start":{"line":44,"column":4},"end":{"line":44,"column":70}},"22":{"start":{"line":46,"column":4},"end":{"line":49,"column":5}},"23":{"start":{"line":47,"column":8},"end":{"line":47,"column":56}},"24":{"start":{"line":48,"column":8},"end":{"line":48,"column":59}},"25":{"start":{"line":51,"column":26},"end":{"line":51,"column":78}},"26":{"start":{"line":52,"column":4},"end":{"line":55,"column":5}},"27":{"start":{"line":53,"column":8},"end":{"line":53,"column":53}},"28":{"start":{"line":54,"column":8},"end":{"line":54,"column":47}},"29":{"start":{"line":57,"column":21},"end":{"line":57,"column":46}},"30":{"start":{"line":58,"column":25},"end":{"line":58,"column":65}},"31":{"start":{"line":60,"column":4},"end":{"line":60,"column":30}},"32":{"start":{"line":62,"column":4},"end":{"line":62,"column":55}},"33":{"start":{"line":64,"column":4},"end":{"line":68,"column":6}},"34":{"start":{"line":72,"column":25},"end":{"line":72,"column":53}},"35":{"start":{"line":73,"column":20},"end":{"line":73,"column":51}},"36":{"start":{"line":76,"column":28},"end":{"line":76,"column":68}},"37":{"start":{"line":77,"column":4},"end":{"line":77,"column":38}},"38":{"start":{"line":78,"column":4},"end":{"line":78,"column":41}},"39":{"start":{"line":79,"column":4},"end":{"line":79,"column":56}},"40":{"start":{"line":80,"column":4},"end":{"line":80,"column":30}},"41":{"start":{"line":81,"column":4},"end":{"line":81,"column":33}},"42":{"start":{"line":82,"column":21},"end":{"line":82,"column":46}},"43":{"start":{"line":83,"column":4},"end":{"line":87,"column":2}},"44":{"start":{"line":91,"column":25},"end":{"line":91,"column":53}},"45":{"start":{"line":92,"column":4},"end":{"line":92,"column":38}},"46":{"start":{"line":93,"column":4},"end":{"line":93,"column":41}},"47":{"start":{"line":94,"column":4},"end":{"line":94,"column":30}},"48":{"start":{"line":98,"column":4},"end":{"line":98,"column":60}},"49":{"start":{"line":101,"column":28},"end":{"line":101,"column":88}},"50":{"start":{"line":102,"column":4},"end":{"line":105,"column":5}},"51":{"start":{"line":103,"column":8},"end":{"line":103,"column":61}},"52":{"start":{"line":104,"column":8},"end":{"line":104,"column":70}},"53":{"start":{"line":108,"column":20},"end":{"line":108,"column":42}},"54":{"start":{"line":109,"column":27},"end":{"line":109,"column":59}},"55":{"start":{"line":110,"column":4},"end":{"line":110,"column":59}},"56":{"start":{"line":111,"column":4},"end":{"line":111,"column":52}},"57":{"start":{"line":112,"column":4},"end":{"line":112,"column":55}},"58":{"start":{"line":115,"column":4},"end":{"line":115,"column":44}},"59":{"start":{"line":117,"column":4},"end":{"line":117,"column":49}},"60":{"start":{"line":118,"column":4},"end":{"line":118,"column":25}},"61":{"start":{"line":119,"column":4},"end":{"line":119,"column":46}},"62":{"start":{"line":122,"column":4},"end":{"line":130,"column":5}},"63":{"start":{"line":123,"column":8},"end":{"line":123,"column":68}},"64":{"start":{"line":124,"column":8},"end":{"line":124,"column":39}},"65":{"start":{"line":125,"column":8},"end":{"line":125,"column":53}},"66":{"start":{"line":126,"column":8},"end":{"line":126,"column":60}},"67":{"start":{"line":128,"column":8},"end":{"line":128,"column":67}},"68":{"start":{"line":132,"column":4},"end":{"line":135,"column":6}},"69":{"start":{"line":139,"column":4},"end":{"line":139,"column":62}},"70":{"start":{"line":140,"column":20},"end":{"line":140,"column":85}},"71":{"start":{"line":141,"column":4},"end":{"line":144,"column":5}},"72":{"start":{"line":142,"column":8},"end":{"line":142,"column":82}},"73":{"start":{"line":143,"column":8},"end":{"line":143,"column":36}},"74":{"start":{"line":145,"column":4},"end":{"line":145,"column":68}},"75":{"start":{"line":146,"column":4},"end":{"line":146,"column":119}},"76":{"start":{"line":147,"column":8},"end":{"line":147,"column":38}},"77":{"start":{"line":148,"column":4},"end":{"line":148,"column":37}},"78":{"start":{"line":150,"column":4},"end":{"line":161,"column":5}},"79":{"start":{"line":151,"column":8},"end":{"line":151,"column":29}},"80":{"start":{"line":152,"column":8},"end":{"line":152,"column":74}},"81":{"start":{"line":153,"column":32},"end":{"line":153,"column":69}},"82":{"start":{"line":154,"column":8},"end":{"line":154,"column":176}},"83":{"start":{"line":155,"column":8},"end":{"line":155,"column":77}},"84":{"start":{"line":157,"column":8},"end":{"line":157,"column":20}},"85":{"start":{"line":159,"column":8},"end":{"line":159,"column":84}},"86":{"start":{"line":160,"column":8},"end":{"line":160,"column":58}},"87":{"start":{"line":165,"column":20},"end":{"line":165,"column":66}},"88":{"start":{"line":166,"column":4},"end":{"line":169,"column":5}},"89":{"start":{"line":168,"column":8},"end":{"line":168,"column":98}},"90":{"start":{"line":170,"column":4},"end":{"line":170,"column":45}},"91":{"start":{"line":171,"column":4},"end":{"line":171,"column":69}},"92":{"start":{"line":172,"column":4},"end":{"line":172,"column":25}},"93":{"start":{"line":173,"column":4},"end":{"line":173,"column":50}},"94":{"start":{"line":175,"column":4},"end":{"line":175,"column":82}},"95":{"start":{"line":179,"column":20},"end":{"line":184,"column":6}},"96":{"start":{"line":186,"column":4},"end":{"line":186,"column":40}},"97":{"start":{"line":186,"column":18},"end":{"line":186,"column":40}},"98":{"start":{"line":188,"column":4},"end":{"line":188,"column":19}},"99":{"start":{"line":192,"column":20},"end":{"line":192,"column":55}},"100":{"start":{"line":193,"column":4},"end":{"line":193,"column":48}},"101":{"start":{"line":194,"column":4},"end":{"line":194,"column":39}},"102":{"start":{"line":195,"column":4},"end":{"line":195,"column":30}},"103":{"start":{"line":196,"column":4},"end":{"line":196,"column":25}},"104":{"start":{"line":200,"column":21},"end":{"line":200,"column":47}},"105":{"start":{"line":201,"column":4},"end":{"line":201,"column":46}},"106":{"start":{"line":201,"column":29},"end":{"line":201,"column":44}},"107":{"start":{"line":205,"column":20},"end":{"line":205,"column":40}},"108":{"start":{"line":206,"column":4},"end":{"line":206,"column":33}},"109":{"start":{"line":210,"column":4},"end":{"line":212,"column":5}},"110":{"start":{"line":211,"column":4},"end":{"line":211,"column":65}},"111":{"start":{"line":214,"column":20},"end":{"line":214,"column":42}},"112":{"start":{"line":215,"column":4},"end":{"line":215,"column":34}},"113":{"start":{"line":216,"column":4},"end":{"line":216,"column":55}},"114":{"start":{"line":217,"column":4},"end":{"line":217,"column":25}},"115":{"start":{"line":219,"column":4},"end":{"line":219,"column":33}},"116":{"start":{"line":223,"column":20},"end":{"line":223,"column":40}},"117":{"start":{"line":224,"column":4},"end":{"line":226,"column":5}},"118":{"start":{"line":225,"column":8},"end":{"line":225,"column":63}},"119":{"start":{"line":227,"column":4},"end":{"line":229,"column":5}},"120":{"start":{"line":228,"column":8},"end":{"line":228,"column":58}},"121":{"start":{"line":230,"column":4},"end":{"line":230,"column":35}},"122":{"start":{"line":231,"column":4},"end":{"line":231,"column":33}},"123":{"start":{"line":232,"column":4},"end":{"line":232,"column":25}},"124":{"start":{"line":234,"column":4},"end":{"line":234,"column":33}},"125":{"start":{"line":238,"column":20},"end":{"line":238,"column":40}},"126":{"start":{"line":239,"column":4},"end":{"line":239,"column":28}},"127":{"start":{"line":242,"column":20},"end":{"line":242,"column":49}},"128":{"start":{"line":243,"column":4},"end":{"line":243,"column":44}},"129":{"start":{"line":243,"column":18},"end":{"line":243,"column":44}},"130":{"start":{"line":244,"column":4},"end":{"line":244,"column":19}},"131":{"start":{"line":247,"column":25},"end":{"line":247,"column":76}},"132":{"start":{"line":248,"column":4},"end":{"line":248,"column":71}},"133":{"start":{"line":248,"column":49},"end":{"line":248,"column":71}},"134":{"start":{"line":249,"column":4},"end":{"line":249,"column":24}},"135":{"start":{"line":252,"column":4},"end":{"line":252,"column":43}},"136":{"start":{"line":255,"column":4},"end":{"line":255,"column":94}},"137":{"start":{"line":259,"column":4},"end":{"line":264,"column":7}},"138":{"start":{"line":268,"column":4},"end":{"line":268,"column":50}},"139":{"start":{"line":272,"column":89},"end":{"line":272,"column":96}},"140":{"start":{"line":273,"column":4},"end":{"line":273,"column":88}},"141":{"start":{"line":277,"column":20},"end":{"line":286,"column":5}},"142":{"start":{"line":288,"column":4},"end":{"line":292,"column":7}},"143":{"start":{"line":297,"column":4},"end":{"line":303,"column":5}},"144":{"start":{"line":298,"column":4},"end":{"line":299,"column":131}},"145":{"start":{"line":301,"column":4},"end":{"line":302,"column":118}},"146":{"start":{"line":305,"column":4},"end":{"line":311,"column":7}},"147":{"start":{"line":315,"column":20},"end":{"line":325,"column":5}},"148":{"start":{"line":327,"column":4},"end":{"line":331,"column":7}}},"fnMap":{"0":{"name":"authenticate","decl":{"start":{"line":27,"column":15},"end":{"line":27,"column":27}},"loc":{"start":{"line":27,"column":60},"end":{"line":69,"column":1}},"line":27},"1":{"name":"refreshToken","decl":{"start":{"line":71,"column":15},"end":{"line":71,"column":27}},"loc":{"start":{"line":71,"column":50},"end":{"line":88,"column":1}},"line":71},"2":{"name":"revokeToken","decl":{"start":{"line":90,"column":15},"end":{"line":90,"column":26}},"loc":{"start":{"line":90,"column":47},"end":{"line":95,"column":1}},"line":90},"3":{"name":"register","decl":{"start":{"line":97,"column":15},"end":{"line":97,"column":23}},"loc":{"start":{"line":97,"column":40},"end":{"line":136,"column":1}},"line":97},"4":{"name":"verifyEmail","decl":{"start":{"line":138,"column":15},"end":{"line":138,"column":26}},"loc":{"start":{"line":138,"column":38},"end":{"line":162,"column":1}},"line":138},"5":{"name":"forgotPassword","decl":{"start":{"line":164,"column":15},"end":{"line":164,"column":29}},"loc":{"start":{"line":164,"column":49},"end":{"line":176,"column":1}},"line":164},"6":{"name":"validateResetToken","decl":{"start":{"line":178,"column":16},"end":{"line":178,"column":34}},"loc":{"start":{"line":178,"column":46},"end":{"line":189,"column":2}},"line":178},"7":{"name":"resetPassword","decl":{"start":{"line":191,"column":15},"end":{"line":191,"column":28}},"loc":{"start":{"line":191,"column":50},"end":{"line":197,"column":1}},"line":191},"8":{"name":"getAll","decl":{"start":{"line":199,"column":15},"end":{"line":199,"column":21}},"loc":{"start":{"line":199,"column":24},"end":{"line":202,"column":1}},"line":199},"9":{"name":"(anonymous_9)","decl":{"start":{"line":201,"column":24},"end":{"line":201,"column":25}},"loc":{"start":{"line":201,"column":29},"end":{"line":201,"column":44}},"line":201},"10":{"name":"getById","decl":{"start":{"line":204,"column":15},"end":{"line":204,"column":22}},"loc":{"start":{"line":204,"column":27},"end":{"line":207,"column":1}},"line":204},"11":{"name":"create","decl":{"start":{"line":209,"column":15},"end":{"line":209,"column":21}},"loc":{"start":{"line":209,"column":30},"end":{"line":220,"column":1}},"line":209},"12":{"name":"update","decl":{"start":{"line":222,"column":15},"end":{"line":222,"column":21}},"loc":{"start":{"line":222,"column":34},"end":{"line":235,"column":1}},"line":222},"13":{"name":"_delete","decl":{"start":{"line":237,"column":15},"end":{"line":237,"column":22}},"loc":{"start":{"line":237,"column":27},"end":{"line":240,"column":1}},"line":237},"14":{"name":"getAccount","decl":{"start":{"line":241,"column":15},"end":{"line":241,"column":25}},"loc":{"start":{"line":241,"column":30},"end":{"line":245,"column":1}},"line":241},"15":{"name":"getRefreshToken","decl":{"start":{"line":246,"column":15},"end":{"line":246,"column":30}},"loc":{"start":{"line":246,"column":38},"end":{"line":250,"column":1}},"line":246},"16":{"name":"hash","decl":{"start":{"line":251,"column":15},"end":{"line":251,"column":19}},"loc":{"start":{"line":251,"column":30},"end":{"line":253,"column":1}},"line":251},"17":{"name":"generateJwtToken","decl":{"start":{"line":254,"column":9},"end":{"line":254,"column":25}},"loc":{"start":{"line":254,"column":35},"end":{"line":256,"column":1}},"line":254},"18":{"name":"generateRefreshToken","decl":{"start":{"line":258,"column":9},"end":{"line":258,"column":29}},"loc":{"start":{"line":258,"column":51},"end":{"line":265,"column":1}},"line":258},"19":{"name":"randomTokenString","decl":{"start":{"line":267,"column":9},"end":{"line":267,"column":26}},"loc":{"start":{"line":267,"column":29},"end":{"line":269,"column":1}},"line":267},"20":{"name":"basicDetails","decl":{"start":{"line":271,"column":9},"end":{"line":271,"column":21}},"loc":{"start":{"line":271,"column":31},"end":{"line":274,"column":1}},"line":271},"21":{"name":"sendVerificationEmail","decl":{"start":{"line":276,"column":15},"end":{"line":276,"column":36}},"loc":{"start":{"line":276,"column":54},"end":{"line":293,"column":1}},"line":276},"22":{"name":"sendAlreadyRegisteredEmail","decl":{"start":{"line":295,"column":15},"end":{"line":295,"column":41}},"loc":{"start":{"line":295,"column":57},"end":{"line":312,"column":1}},"line":295},"23":{"name":"sendPasswordResetEmail","decl":{"start":{"line":314,"column":15},"end":{"line":314,"column":37}},"loc":{"start":{"line":314,"column":55},"end":{"line":332,"column":1}},"line":314}},"branchMap":{"0":{"loc":{"start":{"line":32,"column":4},"end":{"line":35,"column":5}},"type":"if","locations":[{"start":{"line":32,"column":4},"end":{"line":35,"column":5}},{"start":{},"end":{}}],"line":32},"1":{"loc":{"start":{"line":43,"column":34},"end":{"line":43,"column":75}},"type":"binary-expr","locations":[{"start":{"line":43,"column":34},"end":{"line":43,"column":50}},{"start":{"line":43,"column":54},"end":{"line":43,"column":75}}],"line":43},"2":{"loc":{"start":{"line":46,"column":4},"end":{"line":49,"column":5}},"type":"if","locations":[{"start":{"line":46,"column":4},"end":{"line":49,"column":5}},{"start":{},"end":{}}],"line":46},"3":{"loc":{"start":{"line":52,"column":4},"end":{"line":55,"column":5}},"type":"if","locations":[{"start":{"line":52,"column":4},"end":{"line":55,"column":5}},{"start":{},"end":{}}],"line":52},"4":{"loc":{"start":{"line":102,"column":4},"end":{"line":105,"column":5}},"type":"if","locations":[{"start":{"line":102,"column":4},"end":{"line":105,"column":5}},{"start":{},"end":{}}],"line":102},"5":{"loc":{"start":{"line":110,"column":19},"end":{"line":110,"column":58}},"type":"cond-expr","locations":[{"start":{"line":110,"column":36},"end":{"line":110,"column":46}},{"start":{"line":110,"column":49},"end":{"line":110,"column":58}}],"line":110},"6":{"loc":{"start":{"line":141,"column":4},"end":{"line":144,"column":5}},"type":"if","locations":[{"start":{"line":141,"column":4},"end":{"line":144,"column":5}},{"start":{},"end":{}}],"line":141},"7":{"loc":{"start":{"line":166,"column":4},"end":{"line":169,"column":5}},"type":"if","locations":[{"start":{"line":166,"column":4},"end":{"line":169,"column":5}},{"start":{},"end":{}}],"line":166},"8":{"loc":{"start":{"line":186,"column":4},"end":{"line":186,"column":40}},"type":"if","locations":[{"start":{"line":186,"column":4},"end":{"line":186,"column":40}},{"start":{},"end":{}}],"line":186},"9":{"loc":{"start":{"line":210,"column":4},"end":{"line":212,"column":5}},"type":"if","locations":[{"start":{"line":210,"column":4},"end":{"line":212,"column":5}},{"start":{},"end":{}}],"line":210},"10":{"loc":{"start":{"line":224,"column":4},"end":{"line":226,"column":5}},"type":"if","locations":[{"start":{"line":224,"column":4},"end":{"line":226,"column":5}},{"start":{},"end":{}}],"line":224},"11":{"loc":{"start":{"line":224,"column":8},"end":{"line":224,"column":117}},"type":"binary-expr","locations":[{"start":{"line":224,"column":8},"end":{"line":224,"column":20}},{"start":{"line":224,"column":24},"end":{"line":224,"column":54}},{"start":{"line":224,"column":58},"end":{"line":224,"column":117}}],"line":224},"12":{"loc":{"start":{"line":227,"column":4},"end":{"line":229,"column":5}},"type":"if","locations":[{"start":{"line":227,"column":4},"end":{"line":229,"column":5}},{"start":{},"end":{}}],"line":227},"13":{"loc":{"start":{"line":243,"column":4},"end":{"line":243,"column":44}},"type":"if","locations":[{"start":{"line":243,"column":4},"end":{"line":243,"column":44}},{"start":{},"end":{}}],"line":243},"14":{"loc":{"start":{"line":248,"column":4},"end":{"line":248,"column":71}},"type":"if","locations":[{"start":{"line":248,"column":4},"end":{"line":248,"column":71}},{"start":{},"end":{}}],"line":248},"15":{"loc":{"start":{"line":248,"column":8},"end":{"line":248,"column":47}},"type":"binary-expr","locations":[{"start":{"line":248,"column":8},"end":{"line":248,"column":21}},{"start":{"line":248,"column":25},"end":{"line":248,"column":47}}],"line":248},"16":{"loc":{"start":{"line":297,"column":4},"end":{"line":303,"column":5}},"type":"if","locations":[{"start":{"line":297,"column":4},"end":{"line":303,"column":5}},{"start":{"line":300,"column":11},"end":{"line":303,"column":5}}],"line":297}},"s":{"0":0,"1":0,"2":0,"3":0,"4":0,"5":0,"6":0,"7":0,"8":0,"9":0,"10":0,"11":0,"12":0,"13":0,"14":0,"15":0,"16":0,"17":0,"18":0,"19":0,"20":0,"21":0,"22":0,"23":0,"24":0,"25":0,"26":0,"27":0,"28":0,"29":0,"30":0,"31":0,"32":0,"33":0,"34":0,"35":0,"36":0,"37":0,"38":0,"39":0,"40":0,"41":0,"42":0,"43":0,"44":0,"45":0,"46":0,"47":0,"48":0,"49":0,"50":0,"51":0,"52":0,"53":0,"54":0,"55":0,"56":0,"57":0,"58":0,"59":0,"60":0,"61":0,"62":0,"63":0,"64":0,"65":0,"66":0,"67":0,"68":0,"69":0,"70":0,"71":0,"72":0,"73":0,"74":0,"75":0,"76":0,"77":0,"78":0,"79":0,"80":0,"81":0,"82":0,"83":0,"84":0,"85":0,"86":0,"87":0,"88":0,"89":0,"90":0,"91":0,"92":0,"93":0,"94":0,"95":0,"96":0,"97":0,"98":0,"99":0,"100":0,"101":0,"102":0,"103":0,"104":0,"105":0,"106":0,"107":0,"108":0,"109":0,"110":0,"111":0,"112":0,"113":0,"114":0,"115":0,"116":0,"117":0,"118":0,"119":0,"120":0,"121":0,"122":0,"123":0,"124":0,"125":0,"126":0,"127":0,"128":0,"129":0,"130":0,"131":0,"132":0,"133":0,"134":0,"135":0,"136":0,"137":0,"138":0,"139":0,"140":0,"141":0,"142":0,"143":0,"144":0,"145":0,"146":0,"147":0,"148":0},"f":{"0":0,"1":0,"2":0,"3":0,"4":0,"5":0,"6":0,"7":0,"8":0,"9":0,"10":0,"11":0,"12":0,"13":0,"14":0,"15":0,"16":0,"17":0,"18":0,"19":0,"20":0,"21":0,"22":0,"23":0},"b":{"0":[0,0],"1":[0,0],"2":[0,0],"3":[0,0],"4":[0,0],"5":[0,0],"6":[0,0],"7":[0,0],"8":[0,0],"9":[0,0],"10":[0,0],"11":[0,0,0],"12":[0,0],"13":[0,0],"14":[0,0],"15":[0,0],"16":[0,0]}}
,"D:\\Windsurf Codes\\Full-Stack-App\\Backend\\accounts\\accounts.controller.js": {"path":"D:\\Windsurf Codes\\Full-Stack-App\\Backend\\accounts\\accounts.controller.js","statementMap":{"0":{"start":{"line":1,"column":16},"end":{"line":1,"column":34}},"1":{"start":{"line":2,"column":15},"end":{"line":2,"column":31}},"2":{"start":{"line":3,"column":12},"end":{"line":3,"column":26}},"3":{"start":{"line":4,"column":24},"end":{"line":4,"column":66}},"4":{"start":{"line":5,"column":18},"end":{"line":5,"column":53}},"5":{"start":{"line":6,"column":13},"end":{"line":6,"column":40}},"6":{"start":{"line":7,"column":23},"end":{"line":7,"column":51}},"7":{"start":{"line":9,"column":0},"end":{"line":9,"column":63}},"8":{"start":{"line":10,"column":0},"end":{"line":10,"column":44}},"9":{"start":{"line":11,"column":0},"end":{"line":11,"column":74}},"10":{"start":{"line":12,"column":0},"end":{"line":12,"column":51}},"11":{"start":{"line":13,"column":0},"end":{"line":13,"column":61}},"12":{"start":{"line":14,"column":0},"end":{"line":14,"column":70}},"13":{"start":{"line":15,"column":0},"end":{"line":15,"column":83}},"14":{"start":{"line":16,"column":0},"end":{"line":16,"column":67}},"15":{"start":{"line":17,"column":0},"end":{"line":17,"column":47}},"16":{"start":{"line":18,"column":0},"end":{"line":18,"column":41}},"17":{"start":{"line":19,"column":0},"end":{"line":19,"column":62}},"18":{"start":{"line":20,"column":0},"end":{"line":20,"column":54}},"19":{"start":{"line":21,"column":0},"end":{"line":21,"column":44}},"20":{"start":{"line":23,"column":0},"end":{"line":23,"column":24}},"21":{"start":{"line":26,"column":19},"end":{"line":29,"column":6}},"22":{"start":{"line":30,"column":4},"end":{"line":30,"column":39}},"23":{"start":{"line":34,"column":32},"end":{"line":34,"column":40}},"24":{"start":{"line":35,"column":22},"end":{"line":35,"column":28}},"25":{"start":{"line":36,"column":4},"end":{"line":41,"column":17}},"26":{"start":{"line":38,"column":4},"end":{"line":38,"column":38}},"27":{"start":{"line":39,"column":4},"end":{"line":39,"column":22}},"28":{"start":{"line":45,"column":18},"end":{"line":45,"column":42}},"29":{"start":{"line":46,"column":22},"end":{"line":46,"column":28}},"30":{"start":{"line":47,"column":4},"end":{"line":52,"column":17}},"31":{"start":{"line":49,"column":4},"end":{"line":49,"column":38}},"32":{"start":{"line":50,"column":4},"end":{"line":50,"column":22}},"33":{"start":{"line":56,"column":19},"end":{"line":58,"column":6}},"34":{"start":{"line":59,"column":4},"end":{"line":59,"column":39}},"35":{"start":{"line":63,"column":18},"end":{"line":63,"column":60}},"36":{"start":{"line":64,"column":22},"end":{"line":64,"column":28}},"37":{"start":{"line":65,"column":4},"end":{"line":65,"column":78}},"38":{"start":{"line":65,"column":16},"end":{"line":65,"column":78}},"39":{"start":{"line":66,"column":4},"end":{"line":68,"column":5}},"40":{"start":{"line":67,"column":8},"end":{"line":67,"column":65}},"41":{"start":{"line":69,"column":4},"end":{"line":71,"column":21}},"42":{"start":{"line":70,"column":20},"end":{"line":70,"column":58}},"43":{"start":{"line":75,"column":19},"end":{"line":83,"column":6}},"44":{"start":{"line":84,"column":4},"end":{"line":84,"column":39}},"45":{"start":{"line":88,"column":19},"end":{"line":88,"column":108}},"46":{"start":{"line":89,"column":4},"end":{"line":91,"column":21}},"47":{"start":{"line":90,"column":20},"end":{"line":90,"column":123}},"48":{"start":{"line":95,"column":19},"end":{"line":97,"column":6}},"49":{"start":{"line":98,"column":4},"end":{"line":98,"column":39}},"50":{"start":{"line":102,"column":4},"end":{"line":102,"column":70}},"51":{"start":{"line":103,"column":4},"end":{"line":103,"column":55}},"52":{"start":{"line":104,"column":4},"end":{"line":112,"column":11}},"53":{"start":{"line":106,"column":12},"end":{"line":106,"column":91}},"54":{"start":{"line":107,"column":12},"end":{"line":107,"column":80}},"55":{"start":{"line":110,"column":12},"end":{"line":110,"column":82}},"56":{"start":{"line":111,"column":12},"end":{"line":111,"column":24}},"57":{"start":{"line":116,"column":19},"end":{"line":118,"column":6}},"58":{"start":{"line":119,"column":4},"end":{"line":119,"column":39}},"59":{"start":{"line":123,"column":4},"end":{"line":128,"column":17}},"60":{"start":{"line":125,"column":24},"end":{"line":125,"column":114}},"61":{"start":{"line":126,"column":8},"end":{"line":126,"column":30}},"62":{"start":{"line":132,"column":19},"end":{"line":134,"column":6}},"63":{"start":{"line":135,"column":4},"end":{"line":135,"column":39}},"64":{"start":{"line":139,"column":4},"end":{"line":142,"column":17}},"65":{"start":{"line":140,"column":16},"end":{"line":141,"column":32}},"66":{"start":{"line":146,"column":19},"end":{"line":150,"column":6}},"67":{"start":{"line":151,"column":4},"end":{"line":151,"column":39}},"68":{"start":{"line":155,"column":4},"end":{"line":158,"column":17}},"69":{"start":{"line":156,"column":16},"end":{"line":157,"column":62}},"70":{"start":{"line":162,"column":4},"end":{"line":164,"column":17}},"71":{"start":{"line":163,"column":22},"end":{"line":163,"column":40}},"72":{"start":{"line":168,"column":4},"end":{"line":170,"column":5}},"73":{"start":{"line":169,"column":4},"end":{"line":169,"column":61}},"74":{"start":{"line":171,"column":4},"end":{"line":173,"column":17}},"75":{"start":{"line":172,"column":21},"end":{"line":172,"column":70}},"76":{"start":{"line":177,"column":19},"end":{"line":185,"column":2}},"77":{"start":{"line":187,"column":0},"end":{"line":187,"column":35}},"78":{"start":{"line":190,"column":4},"end":{"line":192,"column":17}},"79":{"start":{"line":191,"column":21},"end":{"line":191,"column":38}},"80":{"start":{"line":196,"column":24},"end":{"line":203,"column":1}},"81":{"start":{"line":204,"column":0},"end":{"line":206,"column":1}},"82":{"start":{"line":205,"column":4},"end":{"line":205,"column":75}},"83":{"start":{"line":207,"column":15},"end":{"line":207,"column":74}},"84":{"start":{"line":208,"column":0},"end":{"line":208,"column":35}},"85":{"start":{"line":212,"column":4},"end":{"line":215,"column":5}},"86":{"start":{"line":213,"column":4},"end":{"line":214,"column":31}},"87":{"start":{"line":216,"column":4},"end":{"line":218,"column":17}},"88":{"start":{"line":217,"column":21},"end":{"line":217,"column":38}},"89":{"start":{"line":222,"column":4},"end":{"line":224,"column":5}},"90":{"start":{"line":223,"column":4},"end":{"line":223,"column":61}},"91":{"start":{"line":225,"column":4},"end":{"line":227,"column":17}},"92":{"start":{"line":226,"column":16},"end":{"line":226,"column":69}},"93":{"start":{"line":230,"column":26},"end":{"line":233,"column":5}},"94":{"start":{"line":234,"column":4},"end":{"line":234,"column":53}}},"fnMap":{"0":{"name":"authenticateSchema","decl":{"start":{"line":25,"column":9},"end":{"line":25,"column":27}},"loc":{"start":{"line":25,"column":44},"end":{"line":31,"column":1}},"line":25},"1":{"name":"authenticate","decl":{"start":{"line":33,"column":9},"end":{"line":33,"column":21}},"loc":{"start":{"line":33,"column":38},"end":{"line":42,"column":1}},"line":33},"2":{"name":"(anonymous_2)","decl":{"start":{"line":37,"column":10},"end":{"line":37,"column":11}},"loc":{"start":{"line":37,"column":44},"end":{"line":40,"column":5}},"line":37},"3":{"name":"refreshToken","decl":{"start":{"line":44,"column":9},"end":{"line":44,"column":21}},"loc":{"start":{"line":44,"column":38},"end":{"line":53,"column":1}},"line":44},"4":{"name":"(anonymous_4)","decl":{"start":{"line":48,"column":10},"end":{"line":48,"column":11}},"loc":{"start":{"line":48,"column":44},"end":{"line":51,"column":5}},"line":48},"5":{"name":"revokeTokenSchema","decl":{"start":{"line":55,"column":9},"end":{"line":55,"column":26}},"loc":{"start":{"line":55,"column":43},"end":{"line":60,"column":1}},"line":55},"6":{"name":"revokeToken","decl":{"start":{"line":62,"column":9},"end":{"line":62,"column":20}},"loc":{"start":{"line":62,"column":37},"end":{"line":72,"column":1}},"line":62},"7":{"name":"(anonymous_7)","decl":{"start":{"line":70,"column":14},"end":{"line":70,"column":15}},"loc":{"start":{"line":70,"column":20},"end":{"line":70,"column":58}},"line":70},"8":{"name":"registerSchema","decl":{"start":{"line":74,"column":9},"end":{"line":74,"column":23}},"loc":{"start":{"line":74,"column":40},"end":{"line":85,"column":1}},"line":74},"9":{"name":"register","decl":{"start":{"line":87,"column":9},"end":{"line":87,"column":17}},"loc":{"start":{"line":87,"column":34},"end":{"line":92,"column":1}},"line":87},"10":{"name":"(anonymous_10)","decl":{"start":{"line":90,"column":14},"end":{"line":90,"column":15}},"loc":{"start":{"line":90,"column":20},"end":{"line":90,"column":123}},"line":90},"11":{"name":"verifyEmailSchema","decl":{"start":{"line":94,"column":9},"end":{"line":94,"column":26}},"loc":{"start":{"line":94,"column":43},"end":{"line":99,"column":1}},"line":94},"12":{"name":"verifyEmail","decl":{"start":{"line":101,"column":9},"end":{"line":101,"column":20}},"loc":{"start":{"line":101,"column":37},"end":{"line":113,"column":1}},"line":101},"13":{"name":"(anonymous_13)","decl":{"start":{"line":105,"column":14},"end":{"line":105,"column":15}},"loc":{"start":{"line":105,"column":20},"end":{"line":108,"column":9}},"line":105},"14":{"name":"(anonymous_14)","decl":{"start":{"line":109,"column":15},"end":{"line":109,"column":16}},"loc":{"start":{"line":109,"column":24},"end":{"line":112,"column":9}},"line":109},"15":{"name":"forgotPasswordSchema","decl":{"start":{"line":115,"column":9},"end":{"line":115,"column":29}},"loc":{"start":{"line":115,"column":46},"end":{"line":120,"column":1}},"line":115},"16":{"name":"forgotPassword","decl":{"start":{"line":122,"column":9},"end":{"line":122,"column":23}},"loc":{"start":{"line":122,"column":40},"end":{"line":129,"column":1}},"line":122},"17":{"name":"(anonymous_17)","decl":{"start":{"line":124,"column":10},"end":{"line":124,"column":11}},"loc":{"start":{"line":124,"column":22},"end":{"line":127,"column":5}},"line":124},"18":{"name":"validateResetTokenSchema","decl":{"start":{"line":131,"column":9},"end":{"line":131,"column":33}},"loc":{"start":{"line":131,"column":50},"end":{"line":136,"column":1}},"line":131},"19":{"name":"validateResetToken","decl":{"start":{"line":138,"column":9},"end":{"line":138,"column":27}},"loc":{"start":{"line":138,"column":44},"end":{"line":143,"column":1}},"line":138},"20":{"name":"(anonymous_20)","decl":{"start":{"line":140,"column":10},"end":{"line":140,"column":11}},"loc":{"start":{"line":140,"column":16},"end":{"line":141,"column":32}},"line":140},"21":{"name":"resetPasswordSchema","decl":{"start":{"line":145,"column":9},"end":{"line":145,"column":28}},"loc":{"start":{"line":145,"column":45},"end":{"line":152,"column":1}},"line":145},"22":{"name":"resetPassword","decl":{"start":{"line":154,"column":9},"end":{"line":154,"column":22}},"loc":{"start":{"line":154,"column":39},"end":{"line":159,"column":1}},"line":154},"23":{"name":"(anonymous_23)","decl":{"start":{"line":156,"column":10},"end":{"line":156,"column":11}},"loc":{"start":{"line":156,"column":16},"end":{"line":157,"column":62}},"line":156},"24":{"name":"getAll","decl":{"start":{"line":161,"column":9},"end":{"line":161,"column":15}},"loc":{"start":{"line":161,"column":32},"end":{"line":165,"column":1}},"line":161},"25":{"name":"(anonymous_25)","decl":{"start":{"line":163,"column":10},"end":{"line":163,"column":11}},"loc":{"start":{"line":163,"column":22},"end":{"line":163,"column":40}},"line":163},"26":{"name":"getById","decl":{"start":{"line":167,"column":9},"end":{"line":167,"column":16}},"loc":{"start":{"line":167,"column":33},"end":{"line":174,"column":1}},"line":167},"27":{"name":"(anonymous_27)","decl":{"start":{"line":172,"column":10},"end":{"line":172,"column":11}},"loc":{"start":{"line":172,"column":21},"end":{"line":172,"column":70}},"line":172},"28":{"name":"createSchema","decl":{"start":{"line":176,"column":9},"end":{"line":176,"column":21}},"loc":{"start":{"line":176,"column":38},"end":{"line":188,"column":1}},"line":176},"29":{"name":"create","decl":{"start":{"line":189,"column":9},"end":{"line":189,"column":15}},"loc":{"start":{"line":189,"column":32},"end":{"line":193,"column":1}},"line":189},"30":{"name":"(anonymous_30)","decl":{"start":{"line":191,"column":10},"end":{"line":191,"column":11}},"loc":{"start":{"line":191,"column":21},"end":{"line":191,"column":38}},"line":191},"31":{"name":"updateSchema","decl":{"start":{"line":195,"column":9},"end":{"line":195,"column":21}},"loc":{"start":{"line":195,"column":38},"end":{"line":209,"column":1}},"line":195},"32":{"name":"update","decl":{"start":{"line":211,"column":9},"end":{"line":211,"column":15}},"loc":{"start":{"line":211,"column":32},"end":{"line":219,"column":1}},"line":211},"33":{"name":"(anonymous_33)","decl":{"start":{"line":217,"column":10},"end":{"line":217,"column":11}},"loc":{"start":{"line":217,"column":21},"end":{"line":217,"column":38}},"line":217},"34":{"name":"_delete","decl":{"start":{"line":221,"column":9},"end":{"line":221,"column":16}},"loc":{"start":{"line":221,"column":33},"end":{"line":228,"column":1}},"line":221},"35":{"name":"(anonymous_35)","decl":{"start":{"line":226,"column":10},"end":{"line":226,"column":11}},"loc":{"start":{"line":226,"column":16},"end":{"line":226,"column":69}},"line":226},"36":{"name":"setTokenCookie","decl":{"start":{"line":229,"column":9},"end":{"line":229,"column":23}},"loc":{"start":{"line":229,"column":36},"end":{"line":235,"column":1}},"line":229}},"branchMap":{"0":{"loc":{"start":{"line":63,"column":18},"end":{"line":63,"column":60}},"type":"binary-expr","locations":[{"start":{"line":63,"column":18},"end":{"line":63,"column":32}},{"start":{"line":63,"column":36},"end":{"line":63,"column":60}}],"line":63},"1":{"loc":{"start":{"line":65,"column":4},"end":{"line":65,"column":78}},"type":"if","locations":[{"start":{"line":65,"column":4},"end":{"line":65,"column":78}},{"start":{},"end":{}}],"line":65},"2":{"loc":{"start":{"line":66,"column":4},"end":{"line":68,"column":5}},"type":"if","locations":[{"start":{"line":66,"column":4},"end":{"line":68,"column":5}},{"start":{},"end":{}}],"line":66},"3":{"loc":{"start":{"line":66,"column":8},"end":{"line":66,"column":66}},"type":"binary-expr","locations":[{"start":{"line":66,"column":8},"end":{"line":66,"column":34}},{"start":{"line":66,"column":38},"end":{"line":66,"column":66}}],"line":66},"4":{"loc":{"start":{"line":88,"column":19},"end":{"line":88,"column":108}},"type":"binary-expr","locations":[{"start":{"line":88,"column":19},"end":{"line":88,"column":36}},{"start":{"line":88,"column":40},"end":{"line":88,"column":58}},{"start":{"line":88,"column":62},"end":{"line":88,"column":81}},{"start":{"line":88,"column":85},"end":{"line":88,"column":108}}],"line":88},"5":{"loc":{"start":{"line":125,"column":24},"end":{"line":125,"column":114}},"type":"binary-expr","locations":[{"start":{"line":125,"column":24},"end":{"line":125,"column":41}},{"start":{"line":125,"column":45},"end":{"line":125,"column":114}}],"line":125},"6":{"loc":{"start":{"line":168,"column":4},"end":{"line":170,"column":5}},"type":"if","locations":[{"start":{"line":168,"column":4},"end":{"line":170,"column":5}},{"start":{},"end":{}}],"line":168},"7":{"loc":{"start":{"line":168,"column":8},"end":{"line":168,"column":77}},"type":"binary-expr","locations":[{"start":{"line":168,"column":8},"end":{"line":168,"column":45}},{"start":{"line":168,"column":49},"end":{"line":168,"column":77}}],"line":168},"8":{"loc":{"start":{"line":172,"column":21},"end":{"line":172,"column":70}},"type":"cond-expr","locations":[{"start":{"line":172,"column":31},"end":{"line":172,"column":48}},{"start":{"line":172,"column":51},"end":{"line":172,"column":70}}],"line":172},"9":{"loc":{"start":{"line":204,"column":0},"end":{"line":206,"column":1}},"type":"if","locations":[{"start":{"line":204,"column":0},"end":{"line":206,"column":1}},{"start":{},"end":{}}],"line":204},"10":{"loc":{"start":{"line":212,"column":4},"end":{"line":215,"column":5}},"type":"if","locations":[{"start":{"line":212,"column":4},"end":{"line":215,"column":5}},{"start":{},"end":{}}],"line":212},"11":{"loc":{"start":{"line":212,"column":8},"end":{"line":212,"column":77}},"type":"binary-expr","locations":[{"start":{"line":212,"column":8},"end":{"line":212,"column":45}},{"start":{"line":212,"column":49},"end":{"line":212,"column":77}}],"line":212},"12":{"loc":{"start":{"line":222,"column":4},"end":{"line":224,"column":5}},"type":"if","locations":[{"start":{"line":222,"column":4},"end":{"line":224,"column":5}},{"start":{},"end":{}}],"line":222},"13":{"loc":{"start":{"line":222,"column":8},"end":{"line":222,"column":77}},"type":"binary-expr","locations":[{"start":{"line":222,"column":8},"end":{"line":222,"column":45}},{"start":{"line":222,"column":49},"end":{"line":222,"column":77}}],"line":222}},"s":{"0":0,"1":0,"2":0,"3":0,"4":0,"5":0,"6":0,"7":0,"8":0,"9":0,"10":0,"11":0,"12":0,"13":0,"14":0,"15":0,"16":0,"17":0,"18":0,"19":0,"20":0,"21":0,"22":0,"23":0,"24":0,"25":0,"26":0,"27":0,"28":0,"29":0,"30":0,"31":0,"32":0,"33":0,"34":0,"35":0,"36":0,"37":0,"38":0,"39":0,"40":0,"41":0,"42":0,"43":0,"44":0,"45":0,"46":0,"47":0,"48":0,"49":0,"50":0,"51":0,"52":0,"53":0,"54":0,"55":0,"56":0,"57":0,"58":0,"59":0,"60":0,"61":0,"62":0,"63":0,"64":0,"65":0,"66":0,"67":0,"68":0,"69":0,"70":0,"71":0,"72":0,"73":0,"74":0,"75":0,"76":0,"77":0,"78":0,"79":0,"80":0,"81":0,"82":0,"83":0,"84":0,"85":0,"86":0,"87":0,"88":0,"89":0,"90":0,"91":0,"92":0,"93":0,"94":0},"f":{"0":0,"1":0,"2":0,"3":0,"4":0,"5":0,"6":0,"7":0,"8":0,"9":0,"10":0,"11":0,"12":0,"13":0,"14":0,"15":0,"16":0,"17":0,"18":0,"19":0,"20":0,"21":0,"22":0,"23":0,"24":0,"25":0,"26":0,"27":0,"28":0,"29":0,"30":0,"31":0,"32":0,"33":0,"34":0,"35":0,"36":0},"b":{"0":[0,0],"1":[0,0],"2":[0,0],"3":[0,0],"4":[0,0,0,0],"5":[0,0],"6":[0,0],"7":[0,0],"8":[0,0],"9":[0,0],"10":[0,0],"11":[0,0],"12":[0,0],"13":[0,0]}}
,"D:\\Windsurf Codes\\Full-Stack-App\\Backend\\accounts\\refresh-token.model.js": {"path":"D:\\Windsurf Codes\\Full-Stack-App\\Backend\\accounts\\refresh-token.model.js","statementMap":{"0":{"start":{"line":1,"column":22},"end":{"line":1,"column":42}},"1":{"start":{"line":3,"column":0},"end":{"line":3,"column":23}},"2":{"start":{"line":6,"column":23},"end":{"line":22,"column":5}},"3":{"start":{"line":16,"column":20},"end":{"line":16,"column":54}},"4":{"start":{"line":20,"column":20},"end":{"line":20,"column":60}},"5":{"start":{"line":24,"column":20},"end":{"line":27,"column":5}},"6":{"start":{"line":29,"column":4},"end":{"line":29,"column":65}}},"fnMap":{"0":{"name":"model","decl":{"start":{"line":5,"column":9},"end":{"line":5,"column":14}},"loc":{"start":{"line":5,"column":26},"end":{"line":30,"column":1}},"line":5},"1":{"name":"(anonymous_1)","decl":{"start":{"line":16,"column":12},"end":{"line":16,"column":13}},"loc":{"start":{"line":16,"column":18},"end":{"line":16,"column":56}},"line":16},"2":{"name":"(anonymous_2)","decl":{"start":{"line":20,"column":12},"end":{"line":20,"column":13}},"loc":{"start":{"line":20,"column":18},"end":{"line":20,"column":62}},"line":20}},"branchMap":{"0":{"loc":{"start":{"line":20,"column":27},"end":{"line":20,"column":59}},"type":"binary-expr","locations":[{"start":{"line":20,"column":27},"end":{"line":20,"column":40}},{"start":{"line":20,"column":44},"end":{"line":20,"column":59}}],"line":20}},"s":{"0":0,"1":0,"2":0,"3":0,"4":0,"5":0,"6":0},"f":{"0":0,"1":0,"2":0},"b":{"0":[0,0]}}
,"D:\\Windsurf Codes\\Full-Stack-App\\Backend\\config\\database.js": {"path":"D:\\Windsurf Codes\\Full-Stack-App\\Backend\\config\\database.js","statementMap":{"0":{"start":{"line":1,"column":60},"end":{"line":1,"column":71}},"1":{"start":{"line":3,"column":0},"end":{"line":37,"column":2}}},"fnMap":{},"branchMap":{"0":{"loc":{"start":{"line":9,"column":10},"end":{"line":9,"column":25}},"type":"binary-expr","locations":[{"start":{"line":9,"column":10},"end":{"line":9,"column":17}},{"start":{"line":9,"column":21},"end":{"line":9,"column":25}}],"line":9},"1":{"loc":{"start":{"line":18,"column":10},"end":{"line":18,"column":25}},"type":"binary-expr","locations":[{"start":{"line":18,"column":10},"end":{"line":18,"column":17}},{"start":{"line":18,"column":21},"end":{"line":18,"column":25}}],"line":18},"2":{"loc":{"start":{"line":27,"column":10},"end":{"line":27,"column":25}},"type":"binary-expr","locations":[{"start":{"line":27,"column":10},"end":{"line":27,"column":17}},{"start":{"line":27,"column":21},"end":{"line":27,"column":25}}],"line":27}},"s":{"0":0,"1":0},"f":{},"b":{"0":[0,0],"1":[0,0],"2":[0,0]}}
,"D:\\Windsurf Codes\\Full-Stack-App\\Backend\\config\\index.js": {"path":"D:\\Windsurf Codes\\Full-Stack-App\\Backend\\config\\index.js","statementMap":{"0":{"start":{"line":1,"column":0},"end":{"line":1,"column":27}},"1":{"start":{"line":2,"column":13},"end":{"line":2,"column":28}},"2":{"start":{"line":4,"column":12},"end":{"line":4,"column":49}},"3":{"start":{"line":7,"column":15},"end":{"line":99,"column":1}},"4":{"start":{"line":102,"column":0},"end":{"line":102,"column":24}}},"fnMap":{},"branchMap":{"0":{"loc":{"start":{"line":4,"column":12},"end":{"line":4,"column":49}},"type":"binary-expr","locations":[{"start":{"line":4,"column":12},"end":{"line":4,"column":32}},{"start":{"line":4,"column":36},"end":{"line":4,"column":49}}],"line":4},"1":{"loc":{"start":{"line":9,"column":10},"end":{"line":9,"column":34}},"type":"binary-expr","locations":[{"start":{"line":9,"column":10},"end":{"line":9,"column":26}},{"start":{"line":9,"column":30},"end":{"line":9,"column":34}}],"line":9},"2":{"loc":{"start":{"line":13,"column":14},"end":{"line":13,"column":48}},"type":"binary-expr","locations":[{"start":{"line":13,"column":14},"end":{"line":13,"column":33}},{"start":{"line":13,"column":37},"end":{"line":13,"column":48}}],"line":13},"3":{"loc":{"start":{"line":14,"column":14},"end":{"line":14,"column":55}},"type":"binary-expr","locations":[{"start":{"line":14,"column":14},"end":{"line":14,"column":47}},{"start":{"line":14,"column":51},"end":{"line":14,"column":55}}],"line":14},"4":{"loc":{"start":{"line":15,"column":18},"end":{"line":15,"column":62}},"type":"binary-expr","locations":[{"start":{"line":15,"column":18},"end":{"line":15,"column":37}},{"start":{"line":15,"column":41},"end":{"line":15,"column":62}}],"line":15},"5":{"loc":{"start":{"line":16,"column":18},"end":{"line":16,"column":47}},"type":"binary-expr","locations":[{"start":{"line":16,"column":18},"end":{"line":16,"column":37}},{"start":{"line":16,"column":41},"end":{"line":16,"column":47}}],"line":16},"6":{"loc":{"start":{"line":17,"column":18},"end":{"line":17,"column":47}},"type":"binary-expr","locations":[{"start":{"line":17,"column":18},"end":{"line":17,"column":41}},{"start":{"line":17,"column":45},"end":{"line":17,"column":47}}],"line":17},"7":{"loc":{"start":{"line":19,"column":17},"end":{"line":19,"column":77}},"type":"cond-expr","locations":[{"start":{"line":19,"column":58},"end":{"line":19,"column":69}},{"start":{"line":19,"column":72},"end":{"line":19,"column":77}}],"line":19},"8":{"loc":{"start":{"line":28,"column":16},"end":{"line":28,"column":68}},"type":"binary-expr","locations":[{"start":{"line":28,"column":16},"end":{"line":28,"column":38}},{"start":{"line":28,"column":42},"end":{"line":28,"column":68}}],"line":28},"9":{"loc":{"start":{"line":29,"column":23},"end":{"line":29,"column":89}},"type":"binary-expr","locations":[{"start":{"line":29,"column":23},"end":{"line":29,"column":53}},{"start":{"line":29,"column":57},"end":{"line":29,"column":89}}],"line":29},"10":{"loc":{"start":{"line":30,"column":19},"end":{"line":30,"column":53}},"type":"binary-expr","locations":[{"start":{"line":30,"column":19},"end":{"line":30,"column":45}},{"start":{"line":30,"column":49},"end":{"line":30,"column":53}}],"line":30},"11":{"loc":{"start":{"line":31,"column":26},"end":{"line":31,"column":68}},"type":"binary-expr","locations":[{"start":{"line":31,"column":26},"end":{"line":31,"column":60}},{"start":{"line":31,"column":64},"end":{"line":31,"column":68}}],"line":31},"12":{"loc":{"start":{"line":36,"column":14},"end":{"line":36,"column":65}},"type":"binary-expr","locations":[{"start":{"line":36,"column":14},"end":{"line":36,"column":36}},{"start":{"line":36,"column":40},"end":{"line":36,"column":65}}],"line":36},"13":{"loc":{"start":{"line":38,"column":18},"end":{"line":38,"column":64}},"type":"binary-expr","locations":[{"start":{"line":38,"column":18},"end":{"line":38,"column":39}},{"start":{"line":38,"column":43},"end":{"line":38,"column":64}}],"line":38},"14":{"loc":{"start":{"line":39,"column":18},"end":{"line":39,"column":60}},"type":"binary-expr","locations":[{"start":{"line":39,"column":18},"end":{"line":39,"column":53}},{"start":{"line":39,"column":57},"end":{"line":39,"column":60}}],"line":39},"15":{"loc":{"start":{"line":42,"column":22},"end":{"line":42,"column":71}},"type":"binary-expr","locations":[{"start":{"line":42,"column":22},"end":{"line":42,"column":43}},{"start":{"line":42,"column":47},"end":{"line":42,"column":71}}],"line":42},"16":{"loc":{"start":{"line":43,"column":22},"end":{"line":43,"column":75}},"type":"binary-expr","locations":[{"start":{"line":43,"column":22},"end":{"line":43,"column":47}},{"start":{"line":43,"column":51},"end":{"line":43,"column":75}}],"line":43},"17":{"loc":{"start":{"line":50,"column":16},"end":{"line":50,"column":50}},"type":"binary-expr","locations":[{"start":{"line":50,"column":16},"end":{"line":50,"column":40}},{"start":{"line":50,"column":44},"end":{"line":50,"column":50}}],"line":50},"18":{"loc":{"start":{"line":51,"column":18},"end":{"line":51,"column":57}},"type":"binary-expr","locations":[{"start":{"line":51,"column":18},"end":{"line":51,"column":42}},{"start":{"line":51,"column":46},"end":{"line":51,"column":57}}],"line":51},"19":{"loc":{"start":{"line":68,"column":20},"end":{"line":70,"column":66}},"type":"cond-expr","locations":[{"start":{"line":69,"column":16},"end":{"line":69,"column":51}},{"start":{"line":70,"column":16},"end":{"line":70,"column":66}}],"line":68},"20":{"loc":{"start":{"line":77,"column":22},"end":{"line":77,"column":86}},"type":"binary-expr","locations":[{"start":{"line":77,"column":22},"end":{"line":77,"column":68}},{"start":{"line":77,"column":72},"end":{"line":77,"column":86}}],"line":77},"21":{"loc":{"start":{"line":78,"column":17},"end":{"line":78,"column":64}},"type":"binary-expr","locations":[{"start":{"line":78,"column":17},"end":{"line":78,"column":57}},{"start":{"line":78,"column":61},"end":{"line":78,"column":64}}],"line":78},"22":{"loc":{"start":{"line":84,"column":15},"end":{"line":84,"column":46}},"type":"binary-expr","locations":[{"start":{"line":84,"column":15},"end":{"line":84,"column":36}},{"start":{"line":84,"column":40},"end":{"line":84,"column":46}}],"line":84},"23":{"loc":{"start":{"line":85,"column":14},"end":{"line":87,"column":17}},"type":"cond-expr","locations":[{"start":{"line":86,"column":12},"end":{"line":86,"column":51}},{"start":{"line":87,"column":12},"end":{"line":87,"column":17}}],"line":85},"24":{"loc":{"start":{"line":95,"column":19},"end":{"line":95,"column":61}},"type":"binary-expr","locations":[{"start":{"line":95,"column":19},"end":{"line":95,"column":41}},{"start":{"line":95,"column":45},"end":{"line":95,"column":61}}],"line":95}},"s":{"0":0,"1":0,"2":0,"3":0,"4":0},"f":{},"b":{"0":[0,0],"1":[0,0],"2":[0,0],"3":[0,0],"4":[0,0],"5":[0,0],"6":[0,0],"7":[0,0],"8":[0,0],"9":[0,0],"10":[0,0],"11":[0,0],"12":[0,0],"13":[0,0],"14":[0,0],"15":[0,0],"16":[0,0],"17":[0,0],"18":[0,0],"19":[0,0],"20":[0,0],"21":[0,0],"22":[0,0],"23":[0,0],"24":[0,0]}}
,"D:\\Windsurf Codes\\Full-Stack-App\\Backend\\employees\\department.model.js": {"path":"D:\\Windsurf Codes\\Full-Stack-App\\Backend\\employees\\department.model.js","statementMap":{"0":{"start":{"line":1,"column":22},"end":{"line":1,"column":42}},"1":{"start":{"line":3,"column":0},"end":{"line":3,"column":23}},"2":{"start":{"line":6,"column":23},"end":{"line":23,"column":5}},"3":{"start":{"line":25,"column":20},"end":{"line":27,"column":5}},"4":{"start":{"line":29,"column":4},"end":{"line":29,"column":63}}},"fnMap":{"0":{"name":"model","decl":{"start":{"line":5,"column":9},"end":{"line":5,"column":14}},"loc":{"start":{"line":5,"column":26},"end":{"line":30,"column":1}},"line":5}},"branchMap":{},"s":{"0":0,"1":0,"2":0,"3":0,"4":0},"f":{"0":0},"b":{}}
,"D:\\Windsurf Codes\\Full-Stack-App\\Backend\\employees\\departments.controller.js": {"path":"D:\\Windsurf Codes\\Full-Stack-App\\Backend\\employees\\departments.controller.js","statementMap":{"0":{"start":{"line":1,"column":11},"end":{"line":1,"column":33}},"1":{"start":{"line":2,"column":15},"end":{"line":2,"column":35}},"2":{"start":{"line":4,"column":0},"end":{"line":10,"column":2}},"3":{"start":{"line":13,"column":4},"end":{"line":13,"column":41}},"4":{"start":{"line":17,"column":23},"end":{"line":17,"column":55}},"5":{"start":{"line":18,"column":4},"end":{"line":18,"column":50}},"6":{"start":{"line":18,"column":21},"end":{"line":18,"column":50}},"7":{"start":{"line":19,"column":4},"end":{"line":19,"column":22}},"8":{"start":{"line":24,"column":4},"end":{"line":26,"column":5}},"9":{"start":{"line":25,"column":8},"end":{"line":25,"column":71}},"10":{"start":{"line":29,"column":4},"end":{"line":29,"column":46}},"11":{"start":{"line":33,"column":23},"end":{"line":33,"column":46}},"12":{"start":{"line":36,"column":4},"end":{"line":39,"column":5}},"13":{"start":{"line":38,"column":8},"end":{"line":38,"column":71}},"14":{"start":{"line":42,"column":4},"end":{"line":42,"column":38}},"15":{"start":{"line":43,"column":4},"end":{"line":43,"column":36}},"16":{"start":{"line":44,"column":4},"end":{"line":44,"column":28}},"17":{"start":{"line":46,"column":4},"end":{"line":46,"column":22}},"18":{"start":{"line":51,"column":26},"end":{"line":51,"column":82}},"19":{"start":{"line":52,"column":4},"end":{"line":54,"column":5}},"20":{"start":{"line":53,"column":8},"end":{"line":53,"column":65}},"21":{"start":{"line":56,"column":23},"end":{"line":56,"column":46}},"22":{"start":{"line":57,"column":4},"end":{"line":57,"column":31}},"23":{"start":{"line":62,"column":23},"end":{"line":62,"column":55}},"24":{"start":{"line":63,"column":4},"end":{"line":63,"column":50}},"25":{"start":{"line":63,"column":21},"end":{"line":63,"column":50}},"26":{"start":{"line":64,"column":4},"end":{"line":64,"column":22}}},"fnMap":{"0":{"name":"getAll","decl":{"start":{"line":12,"column":15},"end":{"line":12,"column":21}},"loc":{"start":{"line":12,"column":24},"end":{"line":14,"column":1}},"line":12},"1":{"name":"getById","decl":{"start":{"line":16,"column":15},"end":{"line":16,"column":22}},"loc":{"start":{"line":16,"column":27},"end":{"line":20,"column":1}},"line":16},"2":{"name":"create","decl":{"start":{"line":22,"column":15},"end":{"line":22,"column":21}},"loc":{"start":{"line":22,"column":30},"end":{"line":30,"column":1}},"line":22},"3":{"name":"update","decl":{"start":{"line":32,"column":15},"end":{"line":32,"column":21}},"loc":{"start":{"line":32,"column":34},"end":{"line":47,"column":1}},"line":32},"4":{"name":"_delete","decl":{"start":{"line":49,"column":15},"end":{"line":49,"column":22}},"loc":{"start":{"line":49,"column":27},"end":{"line":58,"column":1}},"line":49},"5":{"name":"getDepartment","decl":{"start":{"line":61,"column":15},"end":{"line":61,"column":28}},"loc":{"start":{"line":61,"column":33},"end":{"line":65,"column":1}},"line":61}},"branchMap":{"0":{"loc":{"start":{"line":18,"column":4},"end":{"line":18,"column":50}},"type":"if","locations":[{"start":{"line":18,"column":4},"end":{"line":18,"column":50}},{"start":{},"end":{}}],"line":18},"1":{"loc":{"start":{"line":24,"column":4},"end":{"line":26,"column":5}},"type":"if","locations":[{"start":{"line":24,"column":4},"end":{"line":26,"column":5}},{"start":{},"end":{}}],"line":24},"2":{"loc":{"start":{"line":36,"column":4},"end":{"line":39,"column":5}},"type":"if","locations":[{"start":{"line":36,"column":4},"end":{"line":39,"column":5}},{"start":{},"end":{}}],"line":36},"3":{"loc":{"start":{"line":36,"column":8},"end":{"line":37,"column":69}},"type":"binary-expr","locations":[{"start":{"line":36,"column":8},"end":{"line":36,"column":19}},{"start":{"line":36,"column":23},"end":{"line":36,"column":54}},{"start":{"line":37,"column":8},"end":{"line":37,"column":69}}],"line":36},"4":{"loc":{"start":{"line":52,"column":4},"end":{"line":54,"column":5}},"type":"if","locations":[{"start":{"line":52,"column":4},"end":{"line":54,"column":5}},{"start":{},"end":{}}],"line":52},"5":{"loc":{"start":{"line":63,"column":4},"end":{"line":63,"column":50}},"type":"if","locations":[{"start":{"line":63,"column":4},"end":{"line":63,"column":50}},{"start":{},"end":{}}],"line":63}},"s":{"0":0,"1":0,"2":0,"3":0,"4":0,"5":0,"6":0,"7":0,"8":0,"9":0,"10":0,"11":0,"12":0,"13":0,"14":0,"15":0,"16":0,"17":0,"18":0,"19":0,"20":0,"21":0,"22":0,"23":0,"24":0,"25":0,"26":0},"f":{"0":0,"1":0,"2":0,"3":0,"4":0,"5":0},"b":{"0":[0,0],"1":[0,0],"2":[0,0],"3":[0,0,0],"4":[0,0],"5":[0,0]}}
,"D:\\Windsurf Codes\\Full-Stack-App\\Backend\\employees\\departments.routes.js": {"path":"D:\\Windsurf Codes\\Full-Stack-App\\Backend\\employees\\departments.routes.js","statementMap":{"0":{"start":{"line":1,"column":15},"end":{"line":1,"column":42}},"1":{"start":{"line":2,"column":30},"end":{"line":2,"column":65}},"2":{"start":{"line":3,"column":22},"end":{"line":3,"column":58}},"3":{"start":{"line":4,"column":17},"end":{"line":4,"column":41}},"4":{"start":{"line":7,"column":0},"end":{"line":7,"column":59}},"5":{"start":{"line":8,"column":0},"end":{"line":8,"column":63}},"6":{"start":{"line":9,"column":0},"end":{"line":9,"column":70}},"7":{"start":{"line":10,"column":0},"end":{"line":10,"column":72}},"8":{"start":{"line":11,"column":0},"end":{"line":11,"column":75}},"9":{"start":{"line":13,"column":0},"end":{"line":13,"column":24}}},"fnMap":{},"branchMap":{},"s":{"0":0,"1":0,"2":0,"3":0,"4":0,"5":0,"6":0,"7":0,"8":0,"9":0},"f":{},"b":{}}
,"D:\\Windsurf Codes\\Full-Stack-App\\Backend\\employees\\employee.model.js": {"path":"D:\\Windsurf Codes\\Full-Stack-App\\Backend\\employees\\employee.model.js","statementMap":{"0":{"start":{"line":1,"column":22},"end":{"line":1,"column":42}},"1":{"start":{"line":3,"column":0},"end":{"line":3,"column":23}},"2":{"start":{"line":6,"column":23},"end":{"line":34,"column":5}},"3":{"start":{"line":36,"column":20},"end":{"line":46,"column":5}},"4":{"start":{"line":48,"column":21},"end":{"line":48,"column":70}},"5":{"start":{"line":50,"column":4},"end":{"line":59,"column":6}},"6":{"start":{"line":51,"column":8},"end":{"line":54,"column":11}},"7":{"start":{"line":55,"column":8},"end":{"line":58,"column":11}},"8":{"start":{"line":61,"column":4},"end":{"line":61,"column":20}}},"fnMap":{"0":{"name":"model","decl":{"start":{"line":5,"column":9},"end":{"line":5,"column":14}},"loc":{"start":{"line":5,"column":26},"end":{"line":62,"column":1}},"line":5},"1":{"name":"(anonymous_1)","decl":{"start":{"line":50,"column":25},"end":{"line":50,"column":26}},"loc":{"start":{"line":50,"column":42},"end":{"line":59,"column":5}},"line":50}},"branchMap":{},"s":{"0":0,"1":0,"2":0,"3":0,"4":0,"5":0,"6":0,"7":0,"8":0},"f":{"0":0,"1":0},"b":{}}
,"D:\\Windsurf Codes\\Full-Stack-App\\Backend\\employees\\employees.controller.js": {"path":"D:\\Windsurf Codes\\Full-Stack-App\\Backend\\employees\\employees.controller.js","statementMap":{"0":{"start":{"line":1,"column":11},"end":{"line":1,"column":33}},"1":{"start":{"line":2,"column":15},"end":{"line":2,"column":35}},"2":{"start":{"line":3,"column":27},"end":{"line":3,"column":71}},"3":{"start":{"line":5,"column":0},"end":{"line":12,"column":2}},"4":{"start":{"line":15,"column":4},"end":{"line":20,"column":7}},"5":{"start":{"line":24,"column":21},"end":{"line":29,"column":6}},"6":{"start":{"line":30,"column":4},"end":{"line":30,"column":46}},"7":{"start":{"line":30,"column":19},"end":{"line":30,"column":46}},"8":{"start":{"line":31,"column":4},"end":{"line":31,"column":20}},"9":{"start":{"line":36,"column":20},"end":{"line":36,"column":63}},"10":{"start":{"line":37,"column":4},"end":{"line":37,"column":44}},"11":{"start":{"line":37,"column":18},"end":{"line":37,"column":44}},"12":{"start":{"line":40,"column":4},"end":{"line":42,"column":5}},"13":{"start":{"line":41,"column":8},"end":{"line":41,"column":55}},"14":{"start":{"line":45,"column":4},"end":{"line":48,"column":5}},"15":{"start":{"line":46,"column":27},"end":{"line":46,"column":76}},"16":{"start":{"line":47,"column":8},"end":{"line":47,"column":54}},"17":{"start":{"line":47,"column":25},"end":{"line":47,"column":54}},"18":{"start":{"line":51,"column":21},"end":{"line":51,"column":44}},"19":{"start":{"line":52,"column":4},"end":{"line":52,"column":26}},"20":{"start":{"line":55,"column":4},"end":{"line":65,"column":7}},"21":{"start":{"line":67,"column":4},"end":{"line":67,"column":20}},"22":{"start":{"line":71,"column":21},"end":{"line":71,"column":42}},"23":{"start":{"line":74,"column":4},"end":{"line":77,"column":5}},"24":{"start":{"line":75,"column":27},"end":{"line":75,"column":76}},"25":{"start":{"line":76,"column":8},"end":{"line":76,"column":54}},"26":{"start":{"line":76,"column":25},"end":{"line":76,"column":54}},"27":{"start":{"line":80,"column":4},"end":{"line":80,"column":36}},"28":{"start":{"line":81,"column":4},"end":{"line":81,"column":34}},"29":{"start":{"line":82,"column":4},"end":{"line":82,"column":26}},"30":{"start":{"line":84,"column":4},"end":{"line":84,"column":20}},"31":{"start":{"line":88,"column":21},"end":{"line":88,"column":42}},"32":{"start":{"line":91,"column":4},"end":{"line":101,"column":7}},"33":{"start":{"line":104,"column":4},"end":{"line":104,"column":29}},"34":{"start":{"line":108,"column":21},"end":{"line":108
[...]
"start":{"line":96,"column":8},"end":{"line":96,"column":37}},"23":{"start":{"line":97,"column":8},"end":{"line":97,"column":20}},"24":{"start":{"line":102,"column":20},"end":{"line":102,"column":40}},"25":{"start":{"line":105,"column":4},"end":{"line":107,"column":5}},"26":{"start":{"line":106,"column":8},"end":{"line":106,"column":53}},"27":{"start":{"line":110,"column":24},"end":{"line":110,"column":56}},"28":{"start":{"line":112,"column":4},"end":{"line":143,"column":5}},"29":{"start":{"line":114,"column":8},"end":{"line":114,"column":72}},"30":{"start":{"line":115,"column":8},"end":{"line":115,"column":44}},"31":{"start":{"line":118,"column":8},"end":{"line":131,"column":9}},"32":{"start":{"line":120,"column":12},"end":{"line":123,"column":15}},"33":{"start":{"line":126,"column":26},"end":{"line":129,"column":15}},"34":{"start":{"line":126,"column":52},"end":{"line":129,"column":13}},"35":{"start":{"line":130,"column":12},"end":{"line":130,"column":68}},"36":{"start":{"line":134,"column":8},"end":{"line":134,"column":35}},"37":{"start":{"line":137,"column":8},"end":{"line":137,"column":41}},"38":{"start":{"line":141,"column":8},"end":{"line":141,"column":37}},"39":{"start":{"line":142,"column":8},"end":{"line":142,"column":20}},"40":{"start":{"line":147,"column":20},"end":{"line":147,"column":40}},"41":{"start":{"line":150,"column":4},"end":{"line":152,"column":5}},"42":{"start":{"line":151,"column":8},"end":{"line":151,"column":31}},"43":{"start":{"line":155,"column":4},"end":{"line":158,"column":5}},"44":{"start":{"line":156,"column":25},"end":{"line":156,"column":64}},"45":{"start":{"line":157,"column":8},"end":{"line":157,"column":58}},"46":{"start":{"line":157,"column":23},"end":{"line":157,"column":58}},"47":{"start":{"line":161,"column":4},"end":{"line":161,"column":28}},"48":{"start":{"line":162,"column":4},"end":{"line":162,"column":48}},"49":{"start":{"line":163,"column":4},"end":{"line":163,"column":35}},"50":{"start":{"line":165,"column":4},"end":{"line":167,"column":5}},"51":{"start":{"line":166,"column":8},"end":{"line":166,"column":41}},"52":{"start":{"line":169,"column":4},"end":{"line":169,"column":25}},"53":{"start":{"line":171,"column":4},"end":{"line":171,"column":19}},"54":{"start":{"line":175,"column":20},"end":{"line":175,"column":40}},"55":{"start":{"line":178,"column":4},"end":{"line":180,"column":5}},"56":{"start":{"line":179,"column":8},"end":{"line":179,"column":53}},"57":{"start":{"line":183,"column":24},"end":{"line":183,"column":56}},"58":{"start":{"line":185,"column":4},"end":{"line":202,"column":5}},"59":{"start":{"line":187,"column":8},"end":{"line":190,"column":11}},"60":{"start":{"line":193,"column":8},"end":{"line":193,"column":47}},"61":{"start":{"line":196,"column":8},"end":{"line":196,"column":35}},"62":{"start":{"line":200,"column":8},"end":{"line":200,"column":37}},"63":{"start":{"line":201,"column":8},"end":{"line":201,"column":20}},"64":{"start":{"line":207,"column":20},"end":{"line":207,"column":49}},"65":{"start":{"line":208,"column":4},"end":{"line":208,"column":44}},"66":{"start":{"line":208,"column":18},"end":{"line":208,"column":44}},"67":{"start":{"line":209,"column":4},"end":{"line":209,"column":19}}},"fnMap":{"0":{"name":"getAll","decl":{"start":{"line":14,"column":15},"end":{"line":14,"column":21}},"loc":{"start":{"line":14,"column":24},"end":{"line":29,"column":1}},"line":14},"1":{"name":"getById","decl":{"start":{"line":31,"column":15},"end":{"line":31,"column":22}},"loc":{"start":{"line":31,"column":27},"end":{"line":47,"column":1}},"line":31},"2":{"name":"getByEmployee","decl":{"start":{"line":49,"column":15},"end":{"line":49,"column":28}},"loc":{"start":{"line":49,"column":41},"end":{"line":58,"column":1}},"line":49},"3":{"name":"create","decl":{"start":{"line":60,"column":15},"end":{"line":60,"column":21}},"loc":{"start":{"line":60,"column":30},"end":{"line":99,"column":1}},"line":60},"4":{"name":"(anonymous_4)","decl":{"start":{"line":81,"column":43},"end":{"line":81,"column":44}},"loc":{"start":{"line":81,"column":52},"end":{"line":84,"column":13}},"line":81},"5":{"name":"update","decl":{"start":{"line":101,"column":15},"end":{"line":101,"column":21}},"loc":{"start":{"line":101,"column":34},"end":{"line":144,"column":1}},"line":101},"6":{"name":"(anonymous_6)","decl":{"start":{"line":126,"column":43},"end":{"line":126,"column":44}},"loc":{"start":{"line":126,"column":52},"end":{"line":129,"column":13}},"line":126},"7":{"name":"updateStatus","decl":{"start":{"line":146,"column":15},"end":{"line":146,"column":27}},"loc":{"start":{"line":146,"column":54},"end":{"line":172,"column":1}},"line":146},"8":{"name":"_delete","decl":{"start":{"line":174,"column":15},"end":{"line":174,"column":22}},"loc":{"start":{"line":174,"column":27},"end":{"line":203,"column":1}},"line":174},"9":{"name":"getRequest","decl":{"start":{"line":206,"column":15},"end":{"line":206,"column":25}},"loc":{"start":{"line":206,"column":30},"end":{"line":210,"column":1}},"line":206}},"branchMap":{"0":{"loc":{"start":{"line":45,"column":4},"end":{"line":45,"column":44}},"type":"if","locations":[{"start":{"line":45,"column":4},"end":{"line":45,"column":44}},{"start":{},"end":{}}],"line":45},"1":{"loc":{"start":{"line":63,"column":4},"end":{"line":63,"column":46}},"type":"if","locations":[{"start":{"line":63,"column":4},"end":{"line":63,"column":46}},{"start":{},"end":{}}],"line":63},"2":{"loc":{"start":{"line":80,"column":8},"end":{"line":86,"column":9}},"type":"if","locations":[{"start":{"line":80,"column":8},"end":{"line":86,"column":9}},{"start":{},"end":{}}],"line":80},"3":{"loc":{"start":{"line":80,"column":12},"end":{"line":80,"column":51}},"type":"binary-expr","locations":[{"start":{"line":80,"column":12},"end":{"line":80,"column":24}},{"start":{"line":80,"column":28},"end":{"line":80,"column":51}}],"line":80},"4":{"loc":{"start":{"line":105,"column":4},"end":{"line":107,"column":5}},"type":"if","locations":[{"start":{"line":105,"column":4},"end":{"line":107,"column":5}},{"start":{},"end":{}}],"line":105},"5":{"loc":{"start":{"line":114,"column":30},"end":{"line":114,"column":71}},"type":"binary-expr","locations":[{"start":{"line":114,"column":30},"end":{"line":114,"column":48}},{"start":{"line":114,"column":52},"end":{"line":114,"column":71}}],"line":114},"6":{"loc":{"start":{"line":118,"column":8},"end":{"line":131,"column":9}},"type":"if","locations":[{"start":{"line":118,"column":8},"end":{"line":131,"column":9}},{"start":{},"end":{}}],"line":118},"7":{"loc":{"start":{"line":118,"column":12},"end":{"line":118,"column":51}},"type":"binary-expr","locations":[{"start":{"line":118,"column":12},"end":{"line":118,"column":24}},{"start":{"line":118,"column":28},"end":{"line":118,"column":51}}],"line":118},"8":{"loc":{"start":{"line":150,"column":4},"end":{"line":152,"column":5}},"type":"if","locations":[{"start":{"line":150,"column":4},"end":{"line":152,"column":5}},{"start":{},"end":{}}],"line":150},"9":{"loc":{"start":{"line":155,"column":4},"end":{"line":158,"column":5}},"type":"if","locations":[{"start":{"line":155,"column":4},"end":{"line":158,"column":5}},{"start":{},"end":{}}],"line":155},"10":{"loc":{"start":{"line":157,"column":8},"end":{"line":157,"column":58}},"type":"if","locations":[{"start":{"line":157,"column":8},"end":{"line":157,"column":58}},{"start":{},"end":{}}],"line":157},"11":{"loc":{"start":{"line":162,"column":27},"end":{"line":162,"column":47}},"type":"binary-expr","locations":[{"start":{"line":162,"column":27},"end":{"line":162,"column":39}},{"start":{"line":162,"column":43},"end":{"line":162,"column":47}}],"line":162},"12":{"loc":{"start":{"line":165,"column":4},"end":{"line":167,"column":5}},"type":"if","locations":[{"start":{"line":165,"column":4},"end":{"line":167,"column":5}},{"start":{},"end":{}}],"line":165},"13":{"loc":{"start":{"line":178,"column":4},"end":{"line":180,"column":5}},"type":"if","locations":[{"start":{"line":178,"column":4},"end":{"line":180,"column":5}},{"start":{},"end":{}}],"line":178},"14":{"loc":{"start":{"line":208,"column":4},"end":{"line":208,"column":44}},"type":"if","locations":[{"start":{"line":208,"column":4},"end":{"line":208,"column":44}},{"start":{},"end":{}}],"line":208}},"s":{"0":0,"1":0,"2":0,"3":0,"4":0,"5":0,"6":0,"7":0,"8":0,"9":0,"10":0,"11":0,"12":0,"13":0,"14":0,"15":0,"16":0,"17":0,"18":0,"19":0,"20":0,"21":0,"22":0,"23":0,"24":0,"25":0,"26":0,"27":0,"28":0,"29":0,"30":0,"31":0,"32":0,"33":0,"34":0,"35":0,"36":0,"37":0,"38":0,"39":0,"40":0,"41":0,"42":0,"43":0,"44":0,"45":0,"46":0,"47":0,"48":0,"49":0,"50":0,"51":0,"52":0,"53":0,"54":0,"55":0,"56":0,"57":0,"58":0,"59":0,"60":0,"61":0,"62":0,"63":0,"64":0,"65":0,"66":0,"67":0},"f":{"0":0,"1":0,"2":0,"3":0,"4":0,"5":0,"6":0,"7":0,"8":0,"9":0},"b":{"0":[0,0],"1":[0,0],"2":[0,0],"3":[0,0],"4":[0,0],"5":[0,0],"6":[0,0],"7":[0,0],"8":[0,0],"9":[0,0],"10":[0,0],"11":[0,0],"12":[0,0],"13":[0,0],"14":[0,0]}}
,"D:\\Windsurf Codes\\Full-Stack-App\\Backend\\requests\\requests.routes.js": {"path":"D:\\Windsurf Codes\\Full-Stack-App\\Backend\\requests\\requests.routes.js","statementMap":{"0":{"start":{"line":1,"column":15},"end":{"line":1,"column":42}},"1":{"start":{"line":2,"column":27},"end":{"line":2,"column":59}},"2":{"start":{"line":3,"column":22},"end":{"line":3,"column":58}},"3":{"start":{"line":4,"column":17},"end":{"line":4,"column":41}},"4":{"start":{"line":7,"column":0},"end":{"line":7,"column":56}},"5":{"start":{"line":8,"column":0},"end":{"line":8,"column":83}},"6":{"start":{"line":9,"column":0},"end":{"line":9,"column":60}},"7":{"start":{"line":10,"column":0},"end":{"line":10,"column":57}},"8":{"start":{"line":11,"column":0},"end":{"line":11,"column":59}},"9":{"start":{"line":12,"column":0},"end":{"line":12,"column":82}},"10":{"start":{"line":13,"column":0},"end":{"line":13,"column":62}},"11":{"start":{"line":15,"column":0},"end":{"line":15,"column":24}}},"fnMap":{},"branchMap":{},"s":{"0":0,"1":0,"2":0,"3":0,"4":0,"5":0,"6":0,"7":0,"8":0,"9":0,"10":0,"11":0},"f":{},"b":{}}
,"D:\\Windsurf Codes\\Full-Stack-App\\Backend\\workflows\\workflow.model.js": {"path":"D:\\Windsurf Codes\\Full-Stack-App\\Backend\\workflows\\workflow.model.js","statementMap":{"0":{"start":{"line":1,"column":22},"end":{"line":1,"column":42}},"1":{"start":{"line":3,"column":0},"end":{"line":3,"column":23}},"2":{"start":{"line":6,"column":23},"end":{"line":38,"column":5}},"3":{"start":{"line":40,"column":20},"end":{"line":45,"column":5}},"4":{"start":{"line":47,"column":21},"end":{"line":47,"column":70}},"5":{"start":{"line":49,"column":4},"end":{"line":63,"column":6}},"6":{"start":{"line":50,"column":8},"end":{"line":54,"column":11}},"7":{"start":{"line":55,"column":8},"end":{"line":58,"column":11}},"8":{"start":{"line":59,"column":8},"end":{"line":62,"column":11}},"9":{"start":{"line":65,"column":4},"end":{"line":65,"column":20}}},"fnMap":{"0":{"name":"model","decl":{"start":{"line":5,"column":9},"end":{"line":5,"column":14}},"loc":{"start":{"line":5,"column":26},"end":{"line":66,"column":1}},"line":5},"1":{"name":"(anonymous_1)","decl":{"start":{"line":49,"column":25},"end":{"line":49,"column":26}},"loc":{"start":{"line":49,"column":42},"end":{"line":63,"column":5}},"line":49}},"branchMap":{},"s":{"0":0,"1":0,"2":0,"3":0,"4":0,"5":0,"6":0,"7":0,"8":0,"9":0},"f":{"0":0,"1":0},"b":{}}
,"D:\\Windsurf Codes\\Full-Stack-App\\Backend\\workflows\\workflows.controller.js": {"path":"D:\\Windsurf Codes\\Full-Stack-App\\Backend\\workflows\\workflows.controller.js","statementMap":{"0":{"start":{"line":1,"column":11},"end":{"line":1,"column":33}},"1":{"start":{"line":2,"column":15},"end":{"line":2,"column":35}},"2":{"start":{"line":4,"column":0},"end":{"line":11,"column":2}},"3":{"start":{"line":14,"column":4},"end":{"line":27,"column":7}},"4":{"start":{"line":31,"column":21},"end":{"line":43,"column":6}},"5":{"start":{"line":44,"column":4},"end":{"line":44,"column":46}},"6":{"start":{"line":44,"column":19},"end":{"line":44,"column":46}},"7":{"start":{"line":45,"column":4},"end":{"line":45,"column":20}},"8":{"start":{"line":49,"column":4},"end":{"line":56,"column":7}},"9":{"start":{"line":61,"column":21},"end":{"line":61,"column":66}},"10":{"start":{"line":62,"column":4},"end":{"line":62,"column":46}},"11":{"start":{"line":62,"column":19},"end":{"line":62,"column":46}},"12":{"start":{"line":65,"column":22},"end":{"line":65,"column":69}},"13":{"start":{"line":66,"column":4},"end":{"line":66,"column":56}},"14":{"start":{"line":66,"column":20},"end":{"line":66,"column":56}},"15":{"start":{"line":69,"column":21},"end":{"line":69,"column":44}},"16":{"start":{"line":70,"column":4},"end":{"line":70,"column":26}},"17":{"start":{"line":72,"column":4},"end":{"line":72,"column":20}},"18":{"start":{"line":76,"column":21},"end":{"line":76,"column":42}},"19":{"start":{"line":79,"column":4},"end":{"line":81,"column":5}},"20":{"start":{"line":80,"column":8},"end":{"line":80,"column":31}},"21":{"start":{"line":84,"column":4},"end":{"line":87,"column":5}},"22":{"start":{"line":85,"column":25},"end":{"line":85,"column":64}},"23":{"start":{"line":86,"column":8},"end":{"line":86,"column":58}},"24":{"start":{"line":86,"column":23},"end":{"line":86,"column":58}},"25":{"start":{"line":90,"column":4},"end":{"line":90,"column":29}},"26":{"start":{"line":91,"column":4},"end":{"line":91,"column":49}},"27":{"start":{"line":92,"column":4},"end":{"line":92,"column":68}},"28":{"start":{"line":93,"column":4},"end":{"line":93,"column":34}},"29":{"start":{"line":95,"column":4},"end":{"line":95,"column":26}},"30":{"start":{"line":98,"column":4},"end":{"line":104,"column":5}},"31":{"start":{"line":99,"column":25},"end":{"line":99,"column":72}},"32":{"start":{"line":100,"column":8},"end":{"line":103,"column":9}},"33":{"start":{"line":101,"column":12},"end":{"line":101,"column":68}},"34":{"start":{"line":102,"column":12},"end":{"line":102,"column":34}},"35":{"start":{"line":106,"column":4},"end":{"line":106,"column":20}},"36":{"start":{"line":110,"column":21},"end":{"line":110,"column":42}},"37":{"start":{"line":111,"column":4},"end":{"line":111,"column":29}},"38":{"start":{"line":116,"column":21},"end":{"line":116,"column":51}},"39":{"start":{"line":117,"column":4},"end":{"line":117,"column":46}},"40":{"start":{"line":117,"column":19},"end":{"line":117,"column":46}},"41":{"start":{"line":118,"column":4},"end":{"line":118,"column":20}}},"fnMap":{"0":{"name":"getAll","decl":{"start":{"line":13,"column":15},"end":{"line":13,"column":21}},"loc":{"start":{"line":13,"column":24},"end":{"line":28,"column":1}},"line":13},"1":{"name":"getById","decl":{"start":{"line":30,"column":15},"end":{"line":30,"column":22}},"loc":{"start":{"line":30,"column":27},"end":{"line":46,"column":1}},"line":30},"2":{"name":"getByEmployee","decl":{"start":{"line":48,"column":15},"end":{"line":48,"column":28}},"loc":{"start":{"line":48,"column":41},"end":{"line":57,"column":1}},"line":48},"3":{"name":"createWorkflow","decl":{"start":{"line":59,"column":15},"end":{"line":59,"column":29}},"loc":{"start":{"line":59,"column":38},"end":{"line":73,"column":1}},"line":59},"4":{"name":"updateStatus","decl":{"start":{"line":75,"column":15},"end":{"line":75,"column":27}},"loc":{"start":{"line":75,"column":54},"end":{"line":107,"column":1}},"line":75},"5":{"name":"_delete","decl":{"start":{"line":109,"column":15},"end":{"line":109,"column":22}},"loc":{"start":{"line":109,"column":27},"end":{"line":112,"column":1}},"line":109},"6":{"name":"getWorkflow","decl":{"start":{"line":115,"column":15},"end":{"line":115,"column":26}},"loc":{"start":{"line":115,"column":31},"end":{"line":119,"column":1}},"line":115}},"branchMap":{"0":{"loc":{"start":{"line":44,"column":4},"end":{"line":44,"column":46}},"type":"if","locations":[{"start":{"line":44,"column":4},"end":{"line":44,"column":46}},{"start":{},"end":{}}],"line":44},"1":{"loc":{"start":{"line":62,"column":4},"end":{"line":62,"column":46}},"type":"if","locations":[{"start":{"line":62,"column":4},"end":{"line":62,"column":46}},{"start":{},"end":{}}],"line":62},"2":{"loc":{"start":{"line":66,"column":4},"end":{"line":66,"column":56}},"type":"if","locations":[{"start":{"line":66,"column":4},"end":{"line":66,"column":56}},{"start":{},"end":{}}],"line":66},"3":{"loc":{"start":{"line":79,"column":4},"end":{"line":81,"column":5}},"type":"if","locations":[{"start":{"line":79,"column":4},"end":{"line":81,"column":5}},{"start":{},"end":{}}],"line":79},"4":{"loc":{"start":{"line":84,"column":4},"end":{"line":87,"column":5}},"type":"if","locations":[{"start":{"line":84,"column":4},"end":{"line":87,"column":5}},{"start":{},"end":{}}],"line":84},"5":{"loc":{"start":{"line":86,"column":8},"end":{"line":86,"column":58}},"type":"if","locations":[{"start":{"line":86,"column":8},"end":{"line":86,"column":58}},{"start":{},"end":{}}],"line":86},"6":{"loc":{"start":{"line":91,"column":28},"end":{"line":91,"column":48}},"type":"binary-expr","locations":[{"start":{"line":91,"column":28},"end":{"line":91,"column":40}},{"start":{"line":91,"column":44},"end":{"line":91,"column":48}}],"line":91},"7":{"loc":{"start":{"line":92,"column":27},"end":{"line":92,"column":67}},"type":"cond-expr","locations":[{"start":{"line":92,"column":50},"end":{"line":92,"column":60}},{"start":{"line":92,"column":63},"end":{"line":92,"column":67}}],"line":92},"8":{"loc":{"start":{"line":98,"column":4},"end":{"line":104,"column":5}},"type":"if","locations":[{"start":{"line":98,"column":4},"end":{"line":104,"column":5}},{"start":{},"end":{}}],"line":98},"9":{"loc":{"start":{"line":98,"column":8},"end":{"line":98,"column":72}},"type":"binary-expr","locations":[{"start":{"line":98,"column":8},"end":{"line":98,"column":29}},{"start":{"line":98,"column":33},"end":{"line":98,"column":72}}],"line":98},"10":{"loc":{"start":{"line":100,"column":8},"end":{"line":103,"column":9}},"type":"if","locations":[{"start":{"line":100,"column":8},"end":{"line":103,"column":9}},{"start":{},"end":{}}],"line":100},"11":{"loc":{"start":{"line":100,"column":12},"end":{"line":100,"column":75}},"type":"binary-expr","locations":[{"start":{"line":100,"column":12},"end":{"line":100,"column":20}},{"start":{"line":100,"column":24},"end":{"line":100,"column":40}},{"start":{"line":100,"column":44},"end":{"line":100,"column":75}}],"line":100},"12":{"loc":{"start":{"line":117,"column":4},"end":{"line":117,"column":46}},"type":"if","locations":[{"start":{"line":117,"column":4},"end":{"line":117,"column":46}},{"start":{},"end":{}}],"line":117}},"s":{"0":0,"1":0,"2":0,"3":0,"4":0,"5":0,"6":0,"7":0,"8":0,"9":0,"10":0,"11":0,"12":0,"13":0,"14":0,"15":0,"16":0,"17":0,"18":0,"19":0,"20":0,"21":0,"22":0,"23":0,"24":0,"25":0,"26":0,"27":0,"28":0,"29":0,"30":0,"31":0,"32":0,"33":0,"34":0,"35":0,"36":0,"37":0,"38":0,"39":0,"40":0,"41":0},"f":{"0":0,"1":0,"2":0,"3":0,"4":0,"5":0,"6":0},"b":{"0":[0,0],"1":[0,0],"2":[0,0],"3":[0,0],"4":[0,0],"5":[0,0],"6":[0,0],"7":[0,0],"8":[0,0],"9":[0,0],"10":[0,0],"11":[0,0,0],"12":[0,0]}}
,"D:\\Windsurf Codes\\Full-Stack-App\\Backend\\workflows\\workflows.routes.js": {"path":"D:\\Windsurf Codes\\Full-Stack-App\\Backend\\workflows\\workflows.routes.js","statementMap":{"0":{"start":{"line":1,"column":15},"end":{"line":1,"column":42}},"1":{"start":{"line":2,"column":28},"end":{"line":2,"column":61}},"2":{"start":{"line":3,"column":22},"end":{"line":3,"column":58}},"3":{"start":{"line":4,"column":17},"end":{"line":4,"column":41}},"4":{"start":{"line":7,"column":0},"end":{"line":7,"column":57}},"5":{"start":{"line":8,"column":0},"end":{"line":8,"column":61}},"6":{"start":{"line":9,"column":0},"end":{"line":9,"column":84}},"7":{"start":{"line":10,"column":0},"end":{"line":10,"column":58}},"8":{"start":{"line":11,"column":0},"end":{"line":11,"column":83}},"9":{"start":{"line":12,"column":0},"end":{"line":12,"column":73}},"10":{"start":{"line":14,"column":0},"end":{"line":14,"column":24}}},"fnMap":{},"branchMap":{},"s":{"0":0,"1":0,"2":0,"3":0,"4":0,"5":0,"6":0,"7":0,"8":0,"9":0,"10":0},"f":{},"b":{}}
}
