TN:
SF:server.js
FN:64,(anonymous_0)
FN:69,(anonymous_1)
FN:79,(anonymous_2)
FN:85,(anonymous_3)
FN:88,(anonymous_4)
FN:92,(anonymous_5)
FN:98,(anonymous_6)
FN:100,(anonymous_7)
FNF:8
FNH:0
FNDA:0,(anonymous_0)
FNDA:0,(anonymous_1)
FNDA:0,(anonymous_2)
FNDA:0,(anonymous_3)
FNDA:0,(anonymous_4)
FNDA:0,(anonymous_5)
FNDA:0,(anonymous_6)
FNDA:0,(anonymous_7)
DA:1,0
DA:2,0
DA:3,0
DA:4,0
DA:5,0
DA:6,0
DA:7,0
DA:8,0
DA:9,0
DA:10,0
DA:11,0
DA:12,0
DA:13,0
DA:16,0
DA:19,0
DA:22,0
DA:25,0
DA:28,0
DA:31,0
DA:36,0
DA:39,0
DA:40,0
DA:41,0
DA:44,0
DA:47,0
DA:48,0
DA:49,0
DA:50,0
DA:51,0
DA:54,0
DA:55,0
DA:56,0
DA:57,0
DA:59,0
DA:60,0
DA:64,0
DA:65,0
DA:69,0
DA:70,0
DA:71,0
DA:72,0
DA:76,0
DA:79,0
DA:80,0
DA:81,0
DA:85,0
DA:86,0
DA:88,0
DA:92,0
DA:93,0
DA:94,0
DA:98,0
DA:99,0
DA:100,0
DA:101,0
DA:105,0
LF:56
LH:0
BRDA:25,0,0,0
BRDA:25,0,1,0
BRDA:54,1,0,0
BRDA:54,1,1,0
BRF:4
BRH:0
end_of_record
TN:
SF:_middleware\authorization.js
FN:5,authorize
FN:14,(anonymous_1)
FNF:2
FNH:0
FNDA:0,authorize
FNDA:0,(anonymous_1)
DA:1,0
DA:2,0
DA:7,0
DA:8,0
DA:12,0
DA:16,0
DA:17,0
DA:21,0
DA:22,0
DA:26,0
DA:28,0
DA:32,0
DA:37,0
LF:13
LH:0
BRDA:5,0,0,0
BRDA:7,1,0,0
BRDA:7,1,1,0
BRDA:16,2,0,0
BRDA:16,2,1,0
BRDA:21,3,0,0
BRDA:21,3,1,0
BRDA:26,4,0,0
BRDA:26,4,1,0
BRDA:26,5,0,0
BRDA:26,5,1,0
BRF:11
BRH:0
end_of_record
TN:
SF:_middleware\authorize.js
FN:7,authorize
FN:15,(anonymous_1)
FN:37,(anonymous_2)
FN:37,(anonymous_3)
FNF:4
FNH:0
FNDA:0,authorize
FNDA:0,(anonymous_1)
FNDA:0,(anonymous_2)
FNDA:0,(anonymous_3)
DA:1,0
DA:2,0
DA:3,0
DA:5,0
DA:8,0
DA:9,0
DA:12,0
DA:16,0
DA:18,0
DA:19,0
DA:21,0
DA:22,0
DA:26,0
DA:28,0
DA:32,0
DA:33,0
DA:36,0
DA:37,0
DA:38,0
LF:19
LH:0
BRDA:7,0,0,0
BRDA:8,1,0,0
BRDA:8,1,1,0
BRDA:21,2,0,0
BRDA:21,2,1,0
BRDA:26,3,0,0
BRDA:26,3,1,0
BRDA:26,4,0,0
BRDA:26,4,1,0
BRDA:32,5,0,0
BRDA:32,5,1,0
BRDA:32,6,0,0
BRDA:32,6,1,0
BRDA:32,6,2,0
BRF:14
BRH:0
end_of_record
TN:
SF:_middleware\error-handler.js
FN:11,errorHandler
FN:51,(anonymous_1)
FNF:2
FNH:0
FNDA:0,errorHandler
FNDA:0,(anonymous_1)
DA:9,0
DA:12,0
DA:15,0
DA:16,0
DA:17,0
DA:21,0
DA:22,0
DA:23,0
DA:24,0
DA:25,0
DA:28,0
DA:29,0
DA:30,0
DA:31,0
DA:34,0
DA:41,0
DA:42,0
DA:43,0
DA:44,0
DA:47,0
DA:48,0
DA:49,0
DA:50,0
DA:51,0
DA:57,0
DA:58,0
DA:62,0
DA:71,0
LF:28
LH:0
BRDA:21,0,0,0
BRDA:21,0,1,0
BRDA:23,1,0,0
BRDA:23,1,1,0
BRDA:24,2,0,0
BRDA:24,2,1,0
BRDA:28,3,0,0
BRDA:28,3,1,0
BRDA:28,4,0,0
BRDA:28,4,1,0
BRDA:34,5,0,0
BRDA:34,5,1,0
BRDA:34,6,0,0
BRDA:34,6,1,0
BRDA:34,6,2,0
BRDA:34,6,3,0
BRDA:34,6,4,0
BRDA:34,6,5,0
BRDA:34,6,6,0
BRDA:47,7,0,0
BRDA:47,7,1,0
BRDA:47,8,0,0
BRDA:47,8,1,0
BRDA:51,9,0,0
BRDA:51,9,1,0
BRDA:57,10,0,0
BRDA:57,10,1,0
BRDA:67,11,0,0
BRDA:67,11,1,0
BRF:29
BRH:0
end_of_record
TN:
SF:_middleware\validate-request.js
FN:3,validateRequest
FN:11,(anonymous_1)
FNF:2
FNH:0
FNDA:0,validateRequest
FNDA:0,(anonymous_1)
DA:1,0
DA:4,0
DA:9,0
DA:10,0
DA:11,0
DA:13,0
DA:14,0
LF:7
LH:0
BRDA:10,0,0,0
BRDA:10,0,1,0
BRF:2
BRH:0
end_of_record
TN:
SF:accounts\account.model.js
FN:5,model
FN:23,(anonymous_1)
FNF:2
FNH:0
FNDA:0,model
FNDA:0,(anonymous_1)
DA:1,0
DA:3,0
DA:6,0
DA:23,0
DA:27,0
DA:40,0
LF:6
LH:0
BRDA:23,0,0,0
BRDA:23,0,1,0
BRF:2
BRH:0
end_of_record
TN:
SF:accounts\account.service.js
FN:27,authenticate
FN:71,refreshToken
FN:90,revokeToken
FN:97,register
FN:138,verifyEmail
FN:164,forgotPassword
FN:178,validateResetToken
FN:191,resetPassword
FN:199,getAll
FN:201,(anonymous_9)
FN:204,getById
FN:209,create
FN:222,update
FN:237,_delete
FN:241,getAccount
FN:246,getRefreshToken
FN:251,hash
FN:254,generateJwtToken
FN:258,generateRefreshToken
FN:267,randomTokenString
FN:271,basicDetails
FN:276,sendVerificationEmail
FN:295,sendAlreadyRegisteredEmail
FN:314,sendPasswordResetEmail
FNF:24
FNH:0
FNDA:0,authenticate
FNDA:0,refreshToken
FNDA:0,revokeToken
FNDA:0,register
FNDA:0,verifyEmail
FNDA:0,forgotPassword
FNDA:0,validateResetToken
FNDA:0,resetPassword
FNDA:0,getAll
FNDA:0,(anonymous_9)
FNDA:0,getById
FNDA:0,create
FNDA:0,update
FNDA:0,_delete
FNDA:0,getAccount
FNDA:0,getRefreshToken
FNDA:0,hash
FNDA:0,generateJwtToken
FNDA:0,generateRefreshToken
FNDA:0,randomTokenString
FNDA:0,basicDetails
FNDA:0,sendVerificationEmail
FNDA:0,sendAlreadyRegisteredEmail
FNDA:0,sendPasswordResetEmail
DA:1,0
DA:2,0
DA:3,0
DA:4,0
DA:5,0
DA:6,0
DA:7,0
DA:8,0
DA:9,0
DA:11,0
DA:28,0
DA:30,0
DA:32,0
DA:33,0
DA:34,0
DA:37,0
DA:38,0
DA:39,0
DA:40,0
DA:41,0
DA:43,0
DA:44,0
DA:46,0
DA:47,0
DA:48,0
DA:51,0
DA:52,0
DA:53,0
DA:54,0
DA:57,0
DA:58,0
DA:60,0
DA:62,0
DA:64,0
DA:72,0
DA:73,0
DA:76,0
DA:77,0
DA:78,0
DA:79,0
DA:80,0
DA:81,0
DA:82,0
DA:83,0
DA:91,0
DA:92,0
DA:93,0
DA:94,0
DA:98,0
DA:101,0
DA:102,0
DA:103,0
DA:104,0
DA:108,0
DA:109,0
DA:110,0
DA:111,0
DA:112,0
DA:115,0
DA:117,0
DA:118,0
DA:119,0
DA:122,0
DA:123,0
DA:124,0
DA:125,0
DA:126,0
DA:128,0
DA:132,0
DA:139,0
DA:140,0
DA:141,0
DA:142,0
DA:143,0
DA:145,0
DA:146,0
DA:147,0
DA:148,0
DA:150,0
DA:151,0
DA:152,0
DA:153,0
DA:154,0
DA:155,0
DA:157,0
DA:159,0
DA:160,0
DA:165,0
DA:166,0
DA:168,0
DA:170,0
DA:171,0
DA:172,0
DA:173,0
DA:175,0
DA:179,0
DA:186,0
DA:188,0
DA:192,0
DA:193,0
DA:194,0
DA:195,0
DA:196,0
DA:200,0
DA:201,0
DA:205,0
DA:206,0
DA:210,0
DA:211,0
DA:214,0
DA:215,0
DA:216,0
DA:217,0
DA:219,0
DA:223,0
DA:224,0
DA:225,0
DA:227,0
DA:228,0
DA:230,0
DA:231,0
DA:232,0
DA:234,0
DA:238,0
DA:239,0
DA:242,0
DA:243,0
DA:244,0
DA:247,0
DA:248,0
DA:249,0
DA:252,0
DA:255,0
DA:259,0
DA:268,0
DA:272,0
DA:273,0
DA:277,0
DA:288,0
DA:297,0
DA:298,0
DA:301,0
DA:305,0
DA:315,0
DA:327,0
LF:145
LH:0
BRDA:32,0,0,0
BRDA:32,0,1,0
BRDA:43,1,0,0
BRDA:43,1,1,0
BRDA:46,2,0,0
BRDA:46,2,1,0
BRDA:52,3,0,0
BRDA:52,3,1,0
BRDA:102,4,0,0
BRDA:102,4,1,0
BRDA:110,5,0,0
BRDA:110,5,1,0
BRDA:141,6,0,0
BRDA:141,6,1,0
BRDA:166,7,0,0
BRDA:166,7,1,0
BRDA:186,8,0,0
BRDA:186,8,1,0
BRDA:210,9,0,0
BRDA:210,9,1,0
BRDA:224,10,0,0
BRDA:224,10,1,0
BRDA:224,11,0,0
BRDA:224,11,1,0
BRDA:224,11,2,0
BRDA:227,12,0,0
BRDA:227,12,1,0
BRDA:243,13,0,0
BRDA:243,13,1,0
BRDA:248,14,0,0
BRDA:248,14,1,0
BRDA:248,15,0,0
BRDA:248,15,1,0
BRDA:297,16,0,0
BRDA:297,16,1,0
BRF:35
BRH:0
end_of_record
TN:
SF:accounts\accounts.controller.js
FN:25,authenticateSchema
FN:33,authenticate
FN:37,(anonymous_2)
FN:44,refreshToken
FN:48,(anonymous_4)
FN:55,revokeTokenSchema
FN:62,revokeToken
FN:70,(anonymous_7)
FN:74,registerSchema
FN:87,register
FN:90,(anonymous_10)
FN:94,verifyEmailSchema
FN:101,verifyEmail
FN:105,(anonymous_13)
FN:109,(anonymous_14)
FN:115,forgotPasswordSchema
FN:122,forgotPassword
FN:124,(anonymous_17)
FN:131,validateResetTokenSchema
FN:138,validateResetToken
FN:140,(anonymous_20)
FN:145,resetPasswordSchema
FN:154,resetPassword
FN:156,(anonymous_23)
FN:161,getAll
FN:163,(anonymous_25)
FN:167,getById
FN:172,(anonymous_27)
FN:176,createSchema
FN:189,create
FN:191,(anonymous_30)
FN:195,updateSchema
FN:211,update
FN:217,(anonymous_33)
FN:221,_delete
FN:226,(anonymous_35)
FN:229,setTokenCookie
FNF:37
FNH:0
FNDA:0,authenticateSchema
FNDA:0,authenticate
FNDA:0,(anonymous_2)
FNDA:0,refreshToken
FNDA:0,(anonymous_4)
FNDA:0,revokeTokenSchema
FNDA:0,revokeToken
FNDA:0,(anonymous_7)
FNDA:0,registerSchema
FNDA:0,register
FNDA:0,(anonymous_10)
FNDA:0,verifyEmailSchema
FNDA:0,verifyEmail
FNDA:0,(anonymous_13)
FNDA:0,(anonymous_14)
FNDA:0,forgotPasswordSchema
FNDA:0,forgotPassword
FNDA:0,(anonymous_17)
FNDA:0,validateResetTokenSchema
FNDA:0,validateResetToken
FNDA:0,(anonymous_20)
FNDA:0,resetPasswordSchema
FNDA:0,resetPassword
FNDA:0,(anonymous_23)
FNDA:0,getAll
FNDA:0,(anonymous_25)
FNDA:0,getById
FNDA:0,(anonymous_27)
FNDA:0,createSchema
FNDA:0,create
FNDA:0,(anonymous_30)
FNDA:0,updateSchema
FNDA:0,update
FNDA:0,(anonymous_33)
FNDA:0,_delete
FNDA:0,(anonymous_35)
FNDA:0,setTokenCookie
DA:1,0
DA:2,0
DA:3,0
DA:4,0
DA:5,0
DA:6,0
DA:7,0
DA:9,0
DA:10,0
DA:11,0
DA:12,0
DA:13,0
DA:14,0
DA:15,0
DA:16,0
DA:17,0
DA:18,0
DA:19,0
DA:20,0
DA:21,0
DA:23,0
DA:26,0
DA:30,0
DA:34,0
DA:35,0
DA:36,0
DA:38,0
DA:39,0
DA:45,0
DA:46,0
DA:47,0
DA:49,0
DA:50,0
DA:56,0
DA:59,0
DA:63,0
DA:64,0
DA:65,0
DA:66,0
DA:67,0
DA:69,0
DA:70,0
DA:75,0
DA:84,0
DA:88,0
DA:89,0
DA:90,0
DA:95,0
DA:98,0
DA:102,0
DA:103,0
DA:104,0
DA:106,0
DA:107,0
DA:110,0
DA:111,0
DA:116,0
DA:119,0
DA:123,0
DA:125,0
DA:126,0
DA:132,0
DA:135,0
DA:139,0
DA:140,0
DA:146,0
DA:151,0
DA:155,0
DA:156,0
DA:162,0
DA:163,0
DA:168,0
DA:169,0
DA:171,0
DA:172,0
DA:177,0
DA:187,0
DA:190,0
DA:191,0
DA:196,0
DA:204,0
DA:205,0
DA:207,0
DA:208,0
DA:212,0
DA:213,0
DA:216,0
DA:217,0
DA:222,0
DA:223,0
DA:225,0
DA:226,0
DA:230,0
DA:234,0
LF:94
LH:0
BRDA:63,0,0,0
BRDA:63,0,1,0
BRDA:65,1,0,0
BRDA:65,1,1,0
BRDA:66,2,0,0
BRDA:66,2,1,0
BRDA:66,3,0,0
BRDA:66,3,1,0
BRDA:88,4,0,0
BRDA:88,4,1,0
BRDA:88,4,2,0
BRDA:88,4,3,0
BRDA:125,5,0,0
BRDA:125,5,1,0
BRDA:168,6,0,0
BRDA:168,6,1,0
BRDA:168,7,0,0
BRDA:168,7,1,0
BRDA:172,8,0,0
BRDA:172,8,1,0
BRDA:204,9,0,0
BRDA:204,9,1,0
BRDA:212,10,0,0
BRDA:212,10,1,0
BRDA:212,11,0,0
BRDA:212,11,1,0
BRDA:222,12,0,0
BRDA:222,12,1,0
BRDA:222,13,0,0
BRDA:222,13,1,0
BRF:30
BRH:0
end_of_record
TN:
SF:accounts\refresh-token.model.js
FN:5,model
FN:16,(anonymous_1)
FN:20,(anonymous_2)
FNF:3
FNH:0
FNDA:0,model
FNDA:0,(anonymous_1)
FNDA:0,(anonymous_2)
DA:1,0
DA:3,0
DA:6,0
DA:16,0
DA:20,0
DA:24,0
DA:29,0
LF:7
LH:0
BRDA:20,0,0,0
BRDA:20,0,1,0
BRF:2
BRH:0
end_of_record
TN:
SF:config\database.js
FNF:0
FNH:0
DA:1,0
DA:3,0
LF:2
LH:0
BRDA:9,0,0,0
BRDA:9,0,1,0
BRDA:18,1,0,0
BRDA:18,1,1,0
BRDA:27,2,0,0
BRDA:27,2,1,0
BRF:6
BRH:0
end_of_record
TN:
SF:config\index.js
FNF:0
FNH:0
DA:1,0
DA:2,0
DA:4,0
DA:7,0
DA:102,0
LF:5
LH:0
BRDA:4,0,0,0
BRDA:4,0,1,0
BRDA:9,1,0,0
BRDA:9,1,1,0
BRDA:13,2,0,0
BRDA:13,2,1,0
BRDA:14,3,0,0
BRDA:14,3,1,0
BRDA:15,4,0,0
BRDA:15,4,1,0
BRDA:16,5,0,0
BRDA:16,5,1,0
BRDA:17,6,0,0
BRDA:17,6,1,0
BRDA:19,7,0,0
BRDA:19,7,1,0
BRDA:28,8,0,0
BRDA:28,8,1,0
BRDA:29,9,0,0
BRDA:29,9,1,0
BRDA:30,10,0,0
BRDA:30,10,1,0
BRDA:31,11,0,0
BRDA:31,11,1,0
BRDA:36,12,0,0
BRDA:36,12,1,0
BRDA:38,13,0,0
BRDA:38,13,1,0
BRDA:39,14,0,0
BRDA:39,14,1,0
BRDA:42,15,0,0
BRDA:42,15,1,0
BRDA:43,16,0,0
BRDA:43,16,1,0
BRDA:50,17,0,0
BRDA:50,17,1,0
BRDA:51,18,0,0
BRDA:51,18,1,0
BRDA:68,19,0,0
BRDA:68,19,1,0
BRDA:77,20,0,0
BRDA:77,20,1,0
BRDA:78,21,0,0
BRDA:78,21,1,0
BRDA:84,22,0,0
BRDA:84,22,1,0
BRDA:85,23,0,0
BRDA:85,23,1,0
BRDA:95,24,0,0
BRDA:95,24,1,0
BRF:50
BRH:0
end_of_record
TN:
SF:employees\department.model.js
FN:5,model
FNF:1
FNH:0
FNDA:0,model
DA:1,0
DA:3,0
DA:6,0
DA:25,0
DA:29,0
LF:5
LH:0
BRF:0
BRH:0
end_of_record
TN:
SF:employees\departments.controller.js
FN:12,getAll
FN:16,getById
FN:22,create
FN:32,update
FN:49,_delete
FN:61,getDepartment
FNF:6
FNH:0
FNDA:0,getAll
FNDA:0,getById
FNDA:0,create
FNDA:0,update
FNDA:0,_delete
FNDA:0,getDepartment
DA:1,0
DA:2,0
DA:4,0
DA:13,0
DA:17,0
DA:18,0
DA:19,0
DA:24,0
DA:25,0
DA:29,0
DA:33,0
DA:36,0
DA:38,0
DA:42,0
DA:43,0
DA:44,0
DA:46,0
DA:51,0
DA:52,0
DA:53,0
DA:56,0
DA:57,0
DA:62,0
DA:63,0
DA:64,0
LF:25
LH:0
BRDA:18,0,0,0
BRDA:18,0,1,0
BRDA:24,1,0,0
BRDA:24,1,1,0
BRDA:36,2,0,0
BRDA:36,2,1,0
BRDA:36,3,0,0
BRDA:36,3,1,0
BRDA:36,3,2,0
BRDA:52,4,0,0
BRDA:52,4,1,0
BRDA:63,5,0,0
BRDA:63,5,1,0
BRF:13
BRH:0
end_of_record
TN:
SF:employees\departments.routes.js
FNF:0
FNH:0
DA:1,0
DA:2,0
DA:3,0
DA:4,0
DA:7,0
DA:8,0
DA:9,0
DA:10,0
DA:11,0
DA:13,0
LF:10
LH:0
BRF:0
BRH:0
end_of_record
TN:
SF:employees\employee.model.js
FN:5,model
FN:50,(anonymous_1)
FNF:2
FNH:0
FNDA:0,model
FNDA:0,(anonymous_1)
DA:1,0
DA:3,0
DA:6,0
DA:36,0
DA:48,0
DA:50,0
DA:51,0
DA:55,0
DA:61,0
LF:9
LH:0
BRF:0
BRH:0
end_of_record
TN:
SF:employees\employees.controller.js
FN:14,getAll
FN:23,getById
FN:34,create
FN:70,update
FN:87,_delete
FN:107,transferDepartment
FN:137,getEmployee
FNF:7
FNH:0
FNDA:0,getAll
FNDA:0,getById
FNDA:0,create
FNDA:0,update
FNDA:0,_delete
FNDA:0,transferDepartment
FNDA:0,getEmployee
DA:1,0
DA:2,0
DA:3,0
DA:5,0
DA:15,0
DA:24,0
DA:30,0
DA:31,0
DA:36,0
DA:37,0
DA:40,0
DA:41,0
DA:45,0
DA:46,0
DA:47,0
DA:51,0
DA:52,0
DA:55,0
DA:67,0
DA:71,0
DA:74,0
DA:75,0
DA:76,0
DA:80,0
DA:81,0
DA:82,0
DA:84,0
DA:88,0
DA:91,0
DA:104,0
DA:108,0
DA:109,0
DA:112,0
DA:113,0
DA:116,0
DA:117,0
DA:118,0
DA:121,0
DA:133,0
DA:138,0
DA:139,0
DA:140,0
LF:42
LH:0
BRDA:30,0,0,0
BRDA:30,0,1,0
BRDA:37,1,0,0
BRDA:37,1,1,0
BRDA:40,2,0,0
BRDA:40,2,1,0
BRDA:45,3,0,0
BRDA:45,3,1,0
BRDA:47,4,0,0
BRDA:47,4,1,0
BRDA:74,5,0,0
BRDA:74,5,1,0
BRDA:74,6,0,0
BRDA:74,6,1,0
BRDA:76,7,0,0
BRDA:76,7,1,0
BRDA:107,8,0,0
BRDA:113,9,0,0
BRDA:113,9,1,0
BRDA:139,10,0,0
BRDA:139,10,1,0
BRF:21
BRH:0
end_of_record
TN:
SF:employees\employees.routes.js
FNF:0
FNH:0
DA:1,0
DA:2,0
DA:3,0
DA:4,0
DA:7,0
DA:8,0
DA:9,0
DA:10,0
DA:11,0
DA:12,0
DA:14,0
LF:11
LH:0
BRF:0
BRH:0
end_of_record
TN:
SF:requests\request.model.js
FN:5,model
FN:49,(anonymous_1)
FN:99,(anonymous_2)
FN:118,(anonymous_3)
FNF:4
FNH:0
FNDA:0,model
FNDA:0,(anonymous_1)
FNDA:0,(anonymous_2)
FNDA:0,(anonymous_3)
DA:1,0
DA:3,0
DA:7,0
DA:40,0
DA:50,0
DA:58,0
DA:90,0
DA:95,0
DA:96,0
DA:99,0
DA:100,0
DA:106,0
DA:111,0
DA:118,0
DA:119,0
DA:126,0
LF:16
LH:0
BRF:0
BRH:0
end_of_record
TN:
SF:requests\requests.controller.js
FN:14,getAll
FN:31,getById
FN:49,getByEmployee
FN:60,create
FN:81,(anonymous_4)
FN:101,update
FN:126,(anonymous_6)
FN:146,updateStatus
FN:174,_delete
FN:206,getRequest
FNF:10
FNH:0
FNDA:0,getAll
FNDA:0,getById
FNDA:0,getByEmployee
FNDA:0,create
FNDA:0,(anonymous_4)
FNDA:0,update
FNDA:0,(anonymous_6)
FNDA:0,updateStatus
FNDA:0,_delete
FNDA:0,getRequest
DA:1,0
DA:2,0
DA:4,0
DA:15,0
DA:32,0
DA:45,0
DA:46,0
DA:50,0
DA:62,0
DA:63,0
DA:66,0
DA:68,0
DA:70,0
DA:77,0
DA:80,0
DA:81,0
DA:85,0
DA:89,0
DA:92,0
DA:96,0
DA:97,0
DA:102,0
DA:105,0
DA:106,0
DA:110,0
DA:112,0
DA:114,0
DA:115,0
DA:118,0
DA:120,0
DA:126,0
DA:130,0
DA:134,0
DA:137,0
DA:141,0
DA:142,0
DA:147,0
DA:150,0
DA:151,0
DA:155,0
DA:156,0
DA:157,0
DA:161,0
DA:162,0
DA:163,0
DA:165,0
DA:166,0
DA:169,0
DA:171,0
DA:175,0
DA:178,0
DA:179,0
DA:183,0
DA:185,0
DA:187,0
DA:193,0
DA:196,0
DA:200,0
DA:201,0
DA:207,0
DA:208,0
DA:209,0
LF:62
LH:0
BRDA:45,0,0,0
BRDA:45,0,1,0
BRDA:63,1,0,0
BRDA:63,1,1,0
BRDA:80,2,0,0
BRDA:80,2,1,0
BRDA:80,3,0,0
BRDA:80,3,1,0
BRDA:105,4,0,0
BRDA:105,4,1,0
BRDA:114,5,0,0
BRDA:114,5,1,0
BRDA:118,6,0,0
BRDA:118,6,1,0
BRDA:118,7,0,0
BRDA:118,7,1,0
BRDA:150,8,0,0
BRDA:150,8,1,0
BRDA:155,9,0,0
BRDA:155,9,1,0
BRDA:157,10,0,0
BRDA:157,10,1,0
BRDA:162,11,0,0
BRDA:162,11,1,0
BRDA:165,12,0,0
BRDA:165,12,1,0
BRDA:178,13,0,0
BRDA:178,13,1,0
BRDA:208,14,0,0
BRDA:208,14,1,0
BRF:30
BRH:0
end_of_record
TN:
SF:requests\requests.routes.js
FNF:0
FNH:0
DA:1,0
DA:2,0
DA:3,0
DA:4,0
DA:7,0
DA:8,0
DA:9,0
DA:10,0
DA:11,0
DA:12,0
DA:13,0
DA:15,0
LF:12
LH:0
BRF:0
BRH:0
end_of_record
TN:
SF:workflows\workflow.model.js
FN:5,model
FN:49,(anonymous_1)
FNF:2
FNH:0
FNDA:0,model
FNDA:0,(anonymous_1)
DA:1,0
DA:3,0
DA:6,0
DA:40,0
DA:47,0
DA:49,0
DA:50,0
DA:55,0
DA:59,0
DA:65,0
LF:10
LH:0
BRF:0
BRH:0
end_of_record
TN:
SF:workflows\workflows.controller.js
FN:13,getAll
FN:30,getById
FN:48,getByEmployee
FN:59,createWorkflow
FN:75,updateStatus
FN:109,_delete
FN:115,getWorkflow
FNF:7
FNH:0
FNDA:0,getAll
FNDA:0,getById
FNDA:0,getByEmployee
FNDA:0,createWorkflow
FNDA:0,updateStatus
FNDA:0,_delete
FNDA:0,getWorkflow
DA:1,0
DA:2,0
DA:4,0
DA:14,0
DA:31,0
DA:44,0
DA:45,0
DA:49,0
DA:61,0
DA:62,0
DA:65,0
DA:66,0
DA:69,0
DA:70,0
DA:72,0
DA:76,0
DA:79,0
DA:80,0
DA:84,0
DA:85,0
DA:86,0
DA:90,0
DA:91,0
DA:92,0
DA:93,0
DA:95,0
DA:98,0
DA:99,0
DA:100,0
DA:101,0
DA:102,0
DA:106,0
DA:110,0
DA:111,0
DA:116,0
DA:117,0
DA:118,0
LF:37
LH:0
BRDA:44,0,0,0
BRDA:44,0,1,0
BRDA:62,1,0,0
BRDA:62,1,1,0
BRDA:66,2,0,0
BRDA:66,2,1,0
BRDA:79,3,0,0
BRDA:79,3,1,0
BRDA:84,4,0,0
BRDA:84,4,1,0
BRDA:86,5,0,0
BRDA:86,5,1,0
BRDA:91,6,0,0
BRDA:91,6,1,0
BRDA:92,7,0,0
BRDA:92,7,1,0
BRDA:98,8,0,0
BRDA:98,8,1,0
BRDA:98,9,0,0
BRDA:98,9,1,0
BRDA:100,10,0,0
BRDA:100,10,1,0
BRDA:100,11,0,0
BRDA:100,11,1,0
BRDA:100,11,2,0
BRDA:117,12,0,0
BRDA:117,12,1,0
BRF:27
BRH:0
end_of_record
TN:
SF:workflows\workflows.routes.js
FNF:0
FNH:0
DA:1,0
DA:2,0
DA:3,0
DA:4,0
DA:7,0
DA:8,0
DA:9,0
DA:10,0
DA:11,0
DA:12,0
DA:14,0
LF:11
LH:0
BRF:0
BRH:0
end_of_record
